<?xml version="1.0" encoding="utf-8"?>
<TestRun id="f70c7218-6e60-4389-b884-c907fab0aae9" name="thien@DESKTOP-IL75SC0 2023-01-05 23:07:57" runUser="DESKTOP-IL75SC0\thien" xmlns="http://microsoft.com/schemas/VisualStudio/TeamTest/2010">
  <Times creation="2023-01-05T23:07:57.4475849+07:00" queuing="2023-01-05T23:07:57.4475849+07:00" start="2023-01-05T23:07:55.8145971+07:00" finish="2023-01-05T23:07:57.6646397+07:00" />
  <TestSettings name="default" id="067e7e3a-01bc-4332-b403-092dbda52252">
    <Deployment runDeploymentRoot="thien_DESKTOP-IL75SC0_2023-01-05_23_07_57" />
  </TestSettings>
  <Results>
    <UnitTestResult executionId="4a49cbb4-ba8e-40d1-a78f-03106e6a9c75" testId="dd09df84-3dab-c3c3-67c3-77630689899f" testName="Product_TestStockShouldNotCorrectFormat" computerName="DESKTOP-IL75SC0" duration="00:00:00.0004430" startTime="2023-01-05T23:07:57.3261627+07:00" endTime="2023-01-05T23:07:57.3266919+07:00" testType="13cdc9d9-ddb5-4fa4-a97d-d965ccfc6d4b" outcome="Passed" testListId="8c84fa94-04c1-424b-9868-57a2d4851a1d" relativeResultsDirectory="4a49cbb4-ba8e-40d1-a78f-03106e6a9c75" resultType="DataDrivenTest">
      <InnerResults>
        <UnitTestResult executionId="0111653f-d524-4260-b5d5-9914548d0576" parentExecutionId="4a49cbb4-ba8e-40d1-a78f-03106e6a9c75" testId="dd09df84-3dab-c3c3-67c3-77630689899f" testName="Product_TestStockShouldNotCorrectFormat (-1)" computerName="DESKTOP-IL75SC0" duration="00:00:00.0003993" startTime="2023-01-05T23:07:57.3261627+07:00" endTime="2023-01-05T23:07:57.3266919+07:00" testType="13cdc9d9-ddb5-4fa4-a97d-d965ccfc6d4b" outcome="Passed" testListId="8c84fa94-04c1-424b-9868-57a2d4851a1d" relativeResultsDirectory="0111653f-d524-4260-b5d5-9914548d0576" dataRowInfo="1" resultType="DataDrivenDataRow" />
      </InnerResults>
    </UnitTestResult>
    <UnitTestResult executionId="779b0817-a7c6-428f-baec-12dcbf6c32ab" testId="c0435c39-f7b8-69dd-d57f-02a6a5968769" testName="PutProduct_ShouldReturnStatusCode" computerName="DESKTOP-IL75SC0" duration="00:00:00.0005308" startTime="2023-01-05T23:07:57.3494954+07:00" endTime="2023-01-05T23:07:57.3502141+07:00" testType="13cdc9d9-ddb5-4fa4-a97d-d965ccfc6d4b" outcome="Passed" testListId="8c84fa94-04c1-424b-9868-57a2d4851a1d" relativeResultsDirectory="779b0817-a7c6-428f-baec-12dcbf6c32ab" />
    <UnitTestResult executionId="e7267993-65c9-440a-9620-bf6b512aafd3" testId="05279bd8-43a1-14fd-7ed5-42f3dbe7c1d1" testName="Customer_TestPhoneShouldCorrectFormat" computerName="DESKTOP-IL75SC0" duration="00:00:00.0008170" startTime="2023-01-05T23:07:57.3097763+07:00" endTime="2023-01-05T23:07:57.3107464+07:00" testType="13cdc9d9-ddb5-4fa4-a97d-d965ccfc6d4b" outcome="Passed" testListId="8c84fa94-04c1-424b-9868-57a2d4851a1d" relativeResultsDirectory="e7267993-65c9-440a-9620-bf6b512aafd3" resultType="DataDrivenTest">
      <InnerResults>
        <UnitTestResult executionId="3664e6a8-364d-44a3-a68d-fdf6d54dec65" parentExecutionId="e7267993-65c9-440a-9620-bf6b512aafd3" testId="05279bd8-43a1-14fd-7ed5-42f3dbe7c1d1" testName="Customer_TestPhoneShouldCorrectFormat (012345678)" computerName="DESKTOP-IL75SC0" duration="00:00:00.0007675" startTime="2023-01-05T23:07:57.3097763+07:00" endTime="2023-01-05T23:07:57.3107464+07:00" testType="13cdc9d9-ddb5-4fa4-a97d-d965ccfc6d4b" outcome="Passed" testListId="8c84fa94-04c1-424b-9868-57a2d4851a1d" relativeResultsDirectory="3664e6a8-364d-44a3-a68d-fdf6d54dec65" dataRowInfo="1" resultType="DataDrivenDataRow" />
      </InnerResults>
    </UnitTestResult>
    <UnitTestResult executionId="221dd2ed-9e59-431d-addc-73ddbe9530d2" testId="c377b1e5-5003-e822-ba25-9c68f7143ff7" testName="PostCustomer_ShouldFail_WhenUsernameIsAlreadyExist" computerName="DESKTOP-IL75SC0" duration="00:00:00.0053210" startTime="2023-01-05T23:07:57.3761389+07:00" endTime="2023-01-05T23:07:57.3815890+07:00" testType="13cdc9d9-ddb5-4fa4-a97d-d965ccfc6d4b" outcome="Passed" testListId="8c84fa94-04c1-424b-9868-57a2d4851a1d" relativeResultsDirectory="221dd2ed-9e59-431d-addc-73ddbe9530d2" />
    <UnitTestResult executionId="8cd7863f-f165-4685-ab06-6851c55b9616" testId="a58d11cf-4b49-29c8-49a0-1253b8266844" testName="Product_TestMissingDes" computerName="DESKTOP-IL75SC0" duration="00:00:00.0005120" startTime="2023-01-05T23:07:57.3158719+07:00" endTime="2023-01-05T23:07:57.3165003+07:00" testType="13cdc9d9-ddb5-4fa4-a97d-d965ccfc6d4b" outcome="Passed" testListId="8c84fa94-04c1-424b-9868-57a2d4851a1d" relativeResultsDirectory="8cd7863f-f165-4685-ab06-6851c55b9616" />
    <UnitTestResult executionId="4fe96836-9bd8-4756-9a15-1fbc44145eef" testId="80363030-cadf-9647-4873-3f1ef449f32b" testName="Product_TestPriceShouldNotCorrectFormat" computerName="DESKTOP-IL75SC0" duration="00:00:00.0006015" startTime="2023-01-05T23:07:57.3218607+07:00" endTime="2023-01-05T23:07:57.3225765+07:00" testType="13cdc9d9-ddb5-4fa4-a97d-d965ccfc6d4b" outcome="Passed" testListId="8c84fa94-04c1-424b-9868-57a2d4851a1d" relativeResultsDirectory="4fe96836-9bd8-4756-9a15-1fbc44145eef" resultType="DataDrivenTest">
      <InnerResults>
        <UnitTestResult executionId="8cf7afaa-a8b3-4537-ad51-118a940819ff" parentExecutionId="4fe96836-9bd8-4756-9a15-1fbc44145eef" testId="80363030-cadf-9647-4873-3f1ef449f32b" testName="Product_TestPriceShouldNotCorrectFormat (-1)" computerName="DESKTOP-IL75SC0" duration="00:00:00.0005318" startTime="2023-01-05T23:07:57.3218607+07:00" endTime="2023-01-05T23:07:57.3225765+07:00" testType="13cdc9d9-ddb5-4fa4-a97d-d965ccfc6d4b" outcome="Passed" testListId="8c84fa94-04c1-424b-9868-57a2d4851a1d" relativeResultsDirectory="8cf7afaa-a8b3-4537-ad51-118a940819ff" dataRowInfo="1" resultType="DataDrivenDataRow" />
      </InnerResults>
    </UnitTestResult>
    <UnitTestResult executionId="d63b7db8-c920-467f-aaba-b149e492dc59" testId="024f147c-0314-6d5a-bc2f-5695c956ab9c" testName="DeleteProduct_ShouldFail_WhenDifferentID" computerName="DESKTOP-IL75SC0" duration="00:00:00.0013058" startTime="2023-01-05T23:07:57.3567613+07:00" endTime="2023-01-05T23:07:57.3582163+07:00" testType="13cdc9d9-ddb5-4fa4-a97d-d965ccfc6d4b" outcome="Passed" testListId="8c84fa94-04c1-424b-9868-57a2d4851a1d" relativeResultsDirectory="d63b7db8-c920-467f-aaba-b149e492dc59" />
    <UnitTestResult executionId="3e996573-703e-41da-968f-a374a7e44bd7" testId="64ff8993-7ad8-dc18-ee2d-3a816dc7d6c3" testName="Product_TestPriceShouldCorrectFormat" computerName="DESKTOP-IL75SC0" duration="00:00:00.0004950" startTime="2023-01-05T23:07:57.3212099+07:00" endTime="2023-01-05T23:07:57.3218277+07:00" testType="13cdc9d9-ddb5-4fa4-a97d-d965ccfc6d4b" outcome="Passed" testListId="8c84fa94-04c1-424b-9868-57a2d4851a1d" relativeResultsDirectory="3e996573-703e-41da-968f-a374a7e44bd7" resultType="DataDrivenTest">
      <InnerResults>
        <UnitTestResult executionId="cc984be4-551a-4bd3-b82d-495f8e8fc6a4" parentExecutionId="3e996573-703e-41da-968f-a374a7e44bd7" testId="64ff8993-7ad8-dc18-ee2d-3a816dc7d6c3" testName="Product_TestPriceShouldCorrectFormat (100)" computerName="DESKTOP-IL75SC0" duration="00:00:00.0004348" startTime="2023-01-05T23:07:57.3212099+07:00" endTime="2023-01-05T23:07:57.3218277+07:00" testType="13cdc9d9-ddb5-4fa4-a97d-d965ccfc6d4b" outcome="Passed" testListId="8c84fa94-04c1-424b-9868-57a2d4851a1d" relativeResultsDirectory="cc984be4-551a-4bd3-b82d-495f8e8fc6a4" dataRowInfo="1" resultType="DataDrivenDataRow" />
      </InnerResults>
    </UnitTestResult>
    <UnitTestResult executionId="50131ebf-62c9-45ff-b5df-383bfdadeae2" testId="57766a7e-3888-02cb-2ce9-942d9fb3cb42" testName="Product_TestProductNameShouldCorrectFormat" computerName="DESKTOP-IL75SC0" duration="00:00:00.0006962" startTime="2023-01-05T23:07:57.3195193+07:00" endTime="2023-01-05T23:07:57.3203977+07:00" testType="13cdc9d9-ddb5-4fa4-a97d-d965ccfc6d4b" outcome="Passed" testListId="8c84fa94-04c1-424b-9868-57a2d4851a1d" relativeResultsDirectory="50131ebf-62c9-45ff-b5df-383bfdadeae2" resultType="DataDrivenTest">
      <InnerResults>
        <UnitTestResult executionId="0b920f30-0b14-448c-88c1-ad0f876c032e" parentExecutionId="50131ebf-62c9-45ff-b5df-383bfdadeae2" testId="57766a7e-3888-02cb-2ce9-942d9fb3cb42" testName="Product_TestProductNameShouldCorrectFormat (Banh kem 1)" computerName="DESKTOP-IL75SC0" duration="00:00:00.0005420" startTime="2023-01-05T23:07:57.3195193+07:00" endTime="2023-01-05T23:07:57.3203977+07:00" testType="13cdc9d9-ddb5-4fa4-a97d-d965ccfc6d4b" outcome="Passed" testListId="8c84fa94-04c1-424b-9868-57a2d4851a1d" relativeResultsDirectory="0b920f30-0b14-448c-88c1-ad0f876c032e" dataRowInfo="1" resultType="DataDrivenDataRow" />
        <UnitTestResult executionId="8e102d26-d490-4ab8-8f4d-e961983fadbe" parentExecutionId="50131ebf-62c9-45ff-b5df-383bfdadeae2" testId="57766a7e-3888-02cb-2ce9-942d9fb3cb42" testName="Product_TestProductNameShouldCorrectFormat (Banh kem)" computerName="DESKTOP-IL75SC0" duration="00:00:00.0000558" startTime="2023-01-05T23:07:57.3195193+07:00" endTime="2023-01-05T23:07:57.3203977+07:00" testType="13cdc9d9-ddb5-4fa4-a97d-d965ccfc6d4b" outcome="Passed" testListId="8c84fa94-04c1-424b-9868-57a2d4851a1d" relativeResultsDirectory="8e102d26-d490-4ab8-8f4d-e961983fadbe" dataRowInfo="2" resultType="DataDrivenDataRow" />
      </InnerResults>
    </UnitTestResult>
    <UnitTestResult executionId="38662a76-70af-41da-ac2a-3716699b8a36" testId="8469ff38-735d-379d-64bc-e2015b98cad7" testName="GetCustomer_ShouldReturnProductWithSameID" computerName="DESKTOP-IL75SC0" duration="00:00:00.0032276" startTime="2023-01-05T23:07:57.3681048+07:00" endTime="2023-01-05T23:07:57.3715002+07:00" testType="13cdc9d9-ddb5-4fa4-a97d-d965ccfc6d4b" outcome="Passed" testListId="8c84fa94-04c1-424b-9868-57a2d4851a1d" relativeResultsDirectory="38662a76-70af-41da-ac2a-3716699b8a36" />
    <UnitTestResult executionId="ebd2dfa5-2267-430f-9a55-449457a3be22" testId="daacd202-eddb-2f96-eea8-456db0c56cb4" testName="DeleteContact_ShouldReturnOK" computerName="DESKTOP-IL75SC0" duration="00:00:00.0098514" startTime="2023-01-05T23:07:57.2080759+07:00" endTime="2023-01-05T23:07:57.2180618+07:00" testType="13cdc9d9-ddb5-4fa4-a97d-d965ccfc6d4b" outcome="Passed" testListId="8c84fa94-04c1-424b-9868-57a2d4851a1d" relativeResultsDirectory="ebd2dfa5-2267-430f-9a55-449457a3be22" />
    <UnitTestResult executionId="ed246812-333a-48f1-9ab7-35123a0580cd" testId="356ceb55-4dff-1179-113f-cee8788a1add" testName="Customer_TestPasswordShouldCorrectFormat" computerName="DESKTOP-IL75SC0" duration="00:00:00.0006533" startTime="2023-01-05T23:07:57.3032725+07:00" endTime="2023-01-05T23:07:57.3041041+07:00" testType="13cdc9d9-ddb5-4fa4-a97d-d965ccfc6d4b" outcome="Passed" testListId="8c84fa94-04c1-424b-9868-57a2d4851a1d" relativeResultsDirectory="ed246812-333a-48f1-9ab7-35123a0580cd" resultType="DataDrivenTest">
      <InnerResults>
        <UnitTestResult executionId="7c14107a-5d66-4728-8cc8-9654e361df85" parentExecutionId="ed246812-333a-48f1-9ab7-35123a0580cd" testId="356ceb55-4dff-1179-113f-cee8788a1add" testName="Customer_TestPasswordShouldCorrectFormat (123abc)" computerName="DESKTOP-IL75SC0" duration="00:00:00.0005967" startTime="2023-01-05T23:07:57.3032725+07:00" endTime="2023-01-05T23:07:57.3041041+07:00" testType="13cdc9d9-ddb5-4fa4-a97d-d965ccfc6d4b" outcome="Passed" testListId="8c84fa94-04c1-424b-9868-57a2d4851a1d" relativeResultsDirectory="7c14107a-5d66-4728-8cc8-9654e361df85" dataRowInfo="1" resultType="DataDrivenDataRow" />
      </InnerResults>
    </UnitTestResult>
    <UnitTestResult executionId="c84be8f0-b1a6-47c5-8b6a-d562babec1de" testId="661bc7c7-ee5b-1f99-751e-780f99600de2" testName="Customer_TestUserNameShouldNotCorrectFormat" computerName="DESKTOP-IL75SC0" duration="00:00:00.0011765" startTime="2023-01-05T23:07:57.2976818+07:00" endTime="2023-01-05T23:07:57.2990205+07:00" testType="13cdc9d9-ddb5-4fa4-a97d-d965ccfc6d4b" outcome="Passed" testListId="8c84fa94-04c1-424b-9868-57a2d4851a1d" relativeResultsDirectory="c84be8f0-b1a6-47c5-8b6a-d562babec1de" resultType="DataDrivenTest">
      <InnerResults>
        <UnitTestResult executionId="499c0db0-fb3b-4553-adb3-f82939801312" parentExecutionId="c84be8f0-b1a6-47c5-8b6a-d562babec1de" testId="661bc7c7-ee5b-1f99-751e-780f99600de2" testName="Customer_TestUserNameShouldNotCorrectFormat (user12@)" computerName="DESKTOP-IL75SC0" duration="00:00:00.0008879" startTime="2023-01-05T23:07:57.2976818+07:00" endTime="2023-01-05T23:07:57.2990205+07:00" testType="13cdc9d9-ddb5-4fa4-a97d-d965ccfc6d4b" outcome="Passed" testListId="8c84fa94-04c1-424b-9868-57a2d4851a1d" relativeResultsDirectory="499c0db0-fb3b-4553-adb3-f82939801312" dataRowInfo="1" resultType="DataDrivenDataRow" />
        <UnitTestResult executionId="16cff722-c19b-4986-b7f8-cd9dff301768" parentExecutionId="c84be8f0-b1a6-47c5-8b6a-d562babec1de" testId="661bc7c7-ee5b-1f99-751e-780f99600de2" testName="Customer_TestUserNameShouldNotCorrectFormat (user)" computerName="DESKTOP-IL75SC0" duration="00:00:00.0002058" startTime="2023-01-05T23:07:57.2976818+07:00" endTime="2023-01-05T23:07:57.2990205+07:00" testType="13cdc9d9-ddb5-4fa4-a97d-d965ccfc6d4b" outcome="Passed" testListId="8c84fa94-04c1-424b-9868-57a2d4851a1d" relativeResultsDirectory="16cff722-c19b-4986-b7f8-cd9dff301768" dataRowInfo="2" resultType="DataDrivenDataRow" />
      </InnerResults>
    </UnitTestResult>
    <UnitTestResult executionId="71bea55f-39ce-4da6-933a-1bd9bc7454f1" testId="144145c2-8379-72bb-fe70-a689ee0091a9" testName="GetContact_ShouldReturnAllCustomer" computerName="DESKTOP-IL75SC0" duration="00:00:00.2350649" startTime="2023-01-05T23:07:56.9136874+07:00" endTime="2023-01-05T23:07:57.1945116+07:00" testType="13cdc9d9-ddb5-4fa4-a97d-d965ccfc6d4b" outcome="Passed" testListId="8c84fa94-04c1-424b-9868-57a2d4851a1d" relativeResultsDirectory="71bea55f-39ce-4da6-933a-1bd9bc7454f1" />
    <UnitTestResult executionId="2ec6619e-af2b-4e13-8a45-66c47911a0c7" testId="31eff71f-de7f-f23d-c97a-aac8df470827" testName="Customer_TestEmailShouldCorrectFormat" computerName="DESKTOP-IL75SC0" duration="00:00:00.0006178" startTime="2023-01-05T23:07:57.3051327+07:00" endTime="2023-01-05T23:07:57.3058978+07:00" testType="13cdc9d9-ddb5-4fa4-a97d-d965ccfc6d4b" outcome="Passed" testListId="8c84fa94-04c1-424b-9868-57a2d4851a1d" relativeResultsDirectory="2ec6619e-af2b-4e13-8a45-66c47911a0c7" resultType="DataDrivenTest">
      <InnerResults>
        <UnitTestResult executionId="22d31e83-83f1-41c3-8805-c5970ec3d020" parentExecutionId="2ec6619e-af2b-4e13-8a45-66c47911a0c7" testId="31eff71f-de7f-f23d-c97a-aac8df470827" testName="Customer_TestEmailShouldCorrectFormat (email@email.com)" computerName="DESKTOP-IL75SC0" duration="00:00:00.0005660" startTime="2023-01-05T23:07:57.3051327+07:00" endTime="2023-01-05T23:07:57.3058978+07:00" testType="13cdc9d9-ddb5-4fa4-a97d-d965ccfc6d4b" outcome="Passed" testListId="8c84fa94-04c1-424b-9868-57a2d4851a1d" relativeResultsDirectory="22d31e83-83f1-41c3-8805-c5970ec3d020" dataRowInfo="1" resultType="DataDrivenDataRow" />
      </InnerResults>
    </UnitTestResult>
    <UnitTestResult executionId="add15d12-ab10-424d-a922-28ef938aafca" testId="e984cf93-f1aa-07f7-5391-716623ab0505" testName="Login_ShouldPass" computerName="DESKTOP-IL75SC0" duration="00:00:00.0066662" startTime="2023-01-05T23:07:57.3948787+07:00" endTime="2023-01-05T23:07:57.4017539+07:00" testType="13cdc9d9-ddb5-4fa4-a97d-d965ccfc6d4b" outcome="Passed" testListId="8c84fa94-04c1-424b-9868-57a2d4851a1d" relativeResultsDirectory="add15d12-ab10-424d-a922-28ef938aafca" />
    <UnitTestResult executionId="28d5c7f6-a560-4f77-a386-92bca8e12ae5" testId="be9dd0ed-741b-abad-a9ac-34f4cacf9c22" testName="Product_TestDescriptionShouldCorrectFormat" computerName="DESKTOP-IL75SC0" duration="00:00:00.0004791" startTime="2023-01-05T23:07:57.3244583+07:00" endTime="2023-01-05T23:07:57.3250616+07:00" testType="13cdc9d9-ddb5-4fa4-a97d-d965ccfc6d4b" outcome="Passed" testListId="8c84fa94-04c1-424b-9868-57a2d4851a1d" relativeResultsDirectory="28d5c7f6-a560-4f77-a386-92bca8e12ae5" resultType="DataDrivenTest">
      <InnerResults>
        <UnitTestResult executionId="4b295ce7-7312-4e44-a12c-0f940cea8e7b" parentExecutionId="28d5c7f6-a560-4f77-a386-92bca8e12ae5" testId="be9dd0ed-741b-abad-a9ac-34f4cacf9c22" testName="Product_TestDescriptionShouldCorrectFormat (Banh kem duoc lam tu)" computerName="DESKTOP-IL75SC0" duration="00:00:00.0003918" startTime="2023-01-05T23:07:57.3244583+07:00" endTime="2023-01-05T23:07:57.3250616+07:00" testType="13cdc9d9-ddb5-4fa4-a97d-d965ccfc6d4b" outcome="Passed" testListId="8c84fa94-04c1-424b-9868-57a2d4851a1d" relativeResultsDirectory="4b295ce7-7312-4e44-a12c-0f940cea8e7b" dataRowInfo="1" resultType="DataDrivenDataRow" />
        <UnitTestResult executionId="daaa3e23-0c1d-4afe-bebc-0b943d4ad3c5" parentExecutionId="28d5c7f6-a560-4f77-a386-92bca8e12ae5" testId="be9dd0ed-741b-abad-a9ac-34f4cacf9c22" testName="Product_TestDescriptionShouldCorrectFormat (Duoc xuat xu tu Cali)" computerName="DESKTOP-IL75SC0" duration="00:00:00.0000312" startTime="2023-01-05T23:07:57.3244583+07:00" endTime="2023-01-05T23:07:57.3250616+07:00" testType="13cdc9d9-ddb5-4fa4-a97d-d965ccfc6d4b" outcome="Passed" testListId="8c84fa94-04c1-424b-9868-57a2d4851a1d" relativeResultsDirectory="daaa3e23-0c1d-4afe-bebc-0b943d4ad3c5" dataRowInfo="2" resultType="DataDrivenDataRow" />
      </InnerResults>
    </UnitTestResult>
    <UnitTestResult executionId="97248223-4cd7-44c0-a443-f87d80198c30" testId="6b40456e-33f9-7aa7-cd74-6d6732f64846" testName="Product_TestMissingProductNameImgDes" computerName="DESKTOP-IL75SC0" duration="00:00:00.0028997" startTime="2023-01-05T23:07:57.3117964+07:00" endTime="2023-01-05T23:07:57.3150731+07:00" testType="13cdc9d9-ddb5-4fa4-a97d-d965ccfc6d4b" outcome="Passed" testListId="8c84fa94-04c1-424b-9868-57a2d4851a1d" relativeResultsDirectory="97248223-4cd7-44c0-a443-f87d80198c30" />
    <UnitTestResult executionId="a6518801-6f6e-40e1-a0a9-da318f9454d6" testId="9ce7043d-d6dc-2aec-7157-3c63c6e90dec" testName="DeleteProduct_ShouldReturnOK" computerName="DESKTOP-IL75SC0" duration="00:00:00.0018312" startTime="2023-01-05T23:07:57.3532163+07:00" endTime="2023-01-05T23:07:57.3551673+07:00" testType="13cdc9d9-ddb5-4fa4-a97d-d965ccfc6d4b" outcome="Passed" testListId="8c84fa94-04c1-424b-9868-57a2d4851a1d" relativeResultsDirectory="a6518801-6f6e-40e1-a0a9-da318f9454d6" />
    <UnitTestResult executionId="6d795a80-7323-4895-9a97-ffe12a7f3210" testId="7562f81c-8ed1-1904-be99-bf895b28397c" testName="DeleteContact_ShouldFail_WhenDifferentID" computerName="DESKTOP-IL75SC0" duration="00:00:00.0012816" startTime="2023-01-05T23:07:57.2180962+07:00" endTime="2023-01-05T23:07:57.2195054+07:00" testType="13cdc9d9-ddb5-4fa4-a97d-d965ccfc6d4b" outcome="Passed" testListId="8c84fa94-04c1-424b-9868-57a2d4851a1d" relativeResultsDirectory="6d795a80-7323-4895-9a97-ffe12a7f3210" />
    <UnitTestResult executionId="fb53ca11-2df6-464d-bdd5-222f46c0cb11" testId="8d4bb9ff-7705-f33a-d1dd-d90e2431d814" testName="Customer_TestMissingEmail" computerName="DESKTOP-IL75SC0" duration="00:00:00.0003168" startTime="2023-01-05T23:07:57.2337942+07:00" endTime="2023-01-05T23:07:57.2341968+07:00" testType="13cdc9d9-ddb5-4fa4-a97d-d965ccfc6d4b" outcome="Passed" testListId="8c84fa94-04c1-424b-9868-57a2d4851a1d" relativeResultsDirectory="fb53ca11-2df6-464d-bdd5-222f46c0cb11" />
    <UnitTestResult executionId="0c1efa39-2818-44c3-b7b7-7022d0e1617f" testId="4d2e2ab2-4a98-8086-6d65-d5ee0e337dff" testName="Customer_TestPhoneShouldNotCorrectFormat" computerName="DESKTOP-IL75SC0" duration="00:00:00.0008297" startTime="2023-01-05T23:07:57.3107913+07:00" endTime="2023-01-05T23:07:57.3117527+07:00" testType="13cdc9d9-ddb5-4fa4-a97d-d965ccfc6d4b" outcome="Passed" testListId="8c84fa94-04c1-424b-9868-57a2d4851a1d" relativeResultsDirectory="0c1efa39-2818-44c3-b7b7-7022d0e1617f" resultType="DataDrivenTest">
      <InnerResults>
        <UnitTestResult executionId="f45662fa-6c2b-4935-904c-879668a5460d" parentExecutionId="0c1efa39-2818-44c3-b7b7-7022d0e1617f" testId="4d2e2ab2-4a98-8086-6d65-d5ee0e337dff" testName="Customer_TestPhoneShouldNotCorrectFormat (0123a45)" computerName="DESKTOP-IL75SC0" duration="00:00:00.0006003" startTime="2023-01-05T23:07:57.3107913+07:00" endTime="2023-01-05T23:07:57.3117527+07:00" testType="13cdc9d9-ddb5-4fa4-a97d-d965ccfc6d4b" outcome="Passed" testListId="8c84fa94-04c1-424b-9868-57a2d4851a1d" relativeResultsDirectory="f45662fa-6c2b-4935-904c-879668a5460d" dataRowInfo="1" resultType="DataDrivenDataRow" />
        <UnitTestResult executionId="641dded5-cdd1-49f7-85a6-a537684f503a" parentExecutionId="0c1efa39-2818-44c3-b7b7-7022d0e1617f" testId="4d2e2ab2-4a98-8086-6d65-d5ee0e337dff" testName="Customer_TestPhoneShouldNotCorrectFormat (0)" computerName="DESKTOP-IL75SC0" duration="00:00:00.0001635" startTime="2023-01-05T23:07:57.3107913+07:00" endTime="2023-01-05T23:07:57.3117527+07:00" testType="13cdc9d9-ddb5-4fa4-a97d-d965ccfc6d4b" outcome="Passed" testListId="8c84fa94-04c1-424b-9868-57a2d4851a1d" relativeResultsDirectory="641dded5-cdd1-49f7-85a6-a537684f503a" dataRowInfo="2" resultType="DataDrivenDataRow" />
      </InnerResults>
    </UnitTestResult>
    <UnitTestResult executionId="2762ec6a-e618-4210-bf62-562e82b01c84" testId="8ec8b30d-3b54-7ab3-c159-6d72a9041b24" testName="PostContact_ShouldPass" computerName="DESKTOP-IL75SC0" duration="00:00:00.0027526" startTime="2023-01-05T23:07:57.2050482+07:00" endTime="2023-01-05T23:07:57.2080155+07:00" testType="13cdc9d9-ddb5-4fa4-a97d-d965ccfc6d4b" outcome="Passed" testListId="8c84fa94-04c1-424b-9868-57a2d4851a1d" relativeResultsDirectory="2762ec6a-e618-4210-bf62-562e82b01c84" />
    <UnitTestResult executionId="bb45ec41-461f-49b2-a75d-538eb8b4f935" testId="0029830b-b607-cf4a-b4ad-7eac2715fa5e" testName="Customer_TestMissingAddress" computerName="DESKTOP-IL75SC0" duration="00:00:00.0003582" startTime="2023-01-05T23:07:57.2342227+07:00" endTime="2023-01-05T23:07:57.2346609+07:00" testType="13cdc9d9-ddb5-4fa4-a97d-d965ccfc6d4b" outcome="Passed" testListId="8c84fa94-04c1-424b-9868-57a2d4851a1d" relativeResultsDirectory="bb45ec41-461f-49b2-a75d-538eb8b4f935" />
    <UnitTestResult executionId="1522559a-bb52-4059-b584-83da123e8b42" testId="12c091ab-95ec-a292-6859-beca667efe3c" testName="SearchProductName_ShouldFail_WhenProductNameIsNotExist" computerName="DESKTOP-IL75SC0" duration="00:00:00.0032217" startTime="2023-01-05T23:07:57.3629288+07:00" endTime="2023-01-05T23:07:57.3663271+07:00" testType="13cdc9d9-ddb5-4fa4-a97d-d965ccfc6d4b" outcome="Passed" testListId="8c84fa94-04c1-424b-9868-57a2d4851a1d" relativeResultsDirectory="1522559a-bb52-4059-b584-83da123e8b42" />
    <UnitTestResult executionId="7eefeda2-fa21-4e7b-a5e2-c0e5d19a4e66" testId="f1ae7686-a9bd-981d-5c7b-71cd720532fb" testName="PutProduct_ShouldFail_WhenDifferentID" computerName="DESKTOP-IL75SC0" duration="00:00:00.0002327" startTime="2023-01-05T23:07:57.3502456+07:00" endTime="2023-01-05T23:07:57.3505840+07:00" testType="13cdc9d9-ddb5-4fa4-a97d-d965ccfc6d4b" outcome="Passed" testListId="8c84fa94-04c1-424b-9868-57a2d4851a1d" relativeResultsDirectory="7eefeda2-fa21-4e7b-a5e2-c0e5d19a4e66" />
    <UnitTestResult executionId="3792d58b-1f8d-426e-813b-827ec0cd9e9f" testId="01f8bf27-aff2-b96b-1d0b-5387e28f91bc" testName="DeleteCustomer_ShouldReturnOK" computerName="DESKTOP-IL75SC0" duration="00:00:00.0028086" startTime="2023-01-05T23:07:57.3906364+07:00" endTime="2023-01-05T23:07:57.3935487+07:00" testType="13cdc9d9-ddb5-4fa4-a97d-d965ccfc6d4b" outcome="Passed" testListId="8c84fa94-04c1-424b-9868-57a2d4851a1d" relativeResultsDirectory="3792d58b-1f8d-426e-813b-827ec0cd9e9f" />
    <UnitTestResult executionId="10c3801c-cea1-4916-a68d-620cdf0a8ea5" testId="37fd2b2c-ffac-9be8-b19b-4cc1c77d2e79" testName="PostProduct_ShouldFail_WhenProductNameIsAlreadyExist" computerName="DESKTOP-IL75SC0" duration="00:00:00.0039484" startTime="2023-01-05T23:07:57.3453664+07:00" endTime="2023-01-05T23:07:57.3494504+07:00" testType="13cdc9d9-ddb5-4fa4-a97d-d965ccfc6d4b" outcome="Passed" testListId="8c84fa94-04c1-424b-9868-57a2d4851a1d" relativeResultsDirectory="10c3801c-cea1-4916-a68d-620cdf0a8ea5" />
    <UnitTestResult executionId="348580b5-18b7-4f81-8c53-6f965359f7ec" testId="489be05a-a48e-3816-c703-f15beb96fb4f" testName="Contact_TestEmailShouldNotCorrectFormat" computerName="DESKTOP-IL75SC0" duration="00:00:00.0004842" startTime="2023-01-05T23:07:57.3413018+07:00" endTime="2023-01-05T23:07:57.3418994+07:00" testType="13cdc9d9-ddb5-4fa4-a97d-d965ccfc6d4b" outcome="Passed" testListId="8c84fa94-04c1-424b-9868-57a2d4851a1d" relativeResultsDirectory="348580b5-18b7-4f81-8c53-6f965359f7ec" resultType="DataDrivenTest">
      <InnerResults>
        <UnitTestResult executionId="d18275ea-b2e5-4cb7-929c-9c3419996852" parentExecutionId="348580b5-18b7-4f81-8c53-6f965359f7ec" testId="489be05a-a48e-3816-c703-f15beb96fb4f" testName="Contact_TestEmailShouldNotCorrectFormat (email.com)" computerName="DESKTOP-IL75SC0" duration="00:00:00.0004390" startTime="2023-01-05T23:07:57.3413018+07:00" endTime="2023-01-05T23:07:57.3418994+07:00" testType="13cdc9d9-ddb5-4fa4-a97d-d965ccfc6d4b" outcome="Passed" testListId="8c84fa94-04c1-424b-9868-57a2d4851a1d" relativeResultsDirectory="d18275ea-b2e5-4cb7-929c-9c3419996852" dataRowInfo="1" resultType="DataDrivenDataRow" />
      </InnerResults>
    </UnitTestResult>
    <UnitTestResult executionId="3d0c19bb-f7eb-4e14-9f6c-6673a7d91b48" testId="44541ffd-bb2f-235c-2d6b-f2cc1865d2d6" testName="SearchProductName_ShouldPass" computerName="DESKTOP-IL75SC0" duration="00:00:00.0044974" startTime="2023-01-05T23:07:57.3582515+07:00" endTime="2023-01-05T23:07:57.3628819+07:00" testType="13cdc9d9-ddb5-4fa4-a97d-d965ccfc6d4b" outcome="Passed" testListId="8c84fa94-04c1-424b-9868-57a2d4851a1d" relativeResultsDirectory="3d0c19bb-f7eb-4e14-9f6c-6673a7d91b48" />
    <UnitTestResult executionId="d3696091-46e6-44f5-a6d3-6b995fcf4f9d" testId="2c0f8f03-dd47-7b3a-4c75-200b73d60e3a" testName="PutCustomer_ShouldFail_WhenDifferentID" computerName="DESKTOP-IL75SC0" duration="00:00:00.0002988" startTime="2023-01-05T23:07:57.3901607+07:00" endTime="2023-01-05T23:07:57.3906036+07:00" testType="13cdc9d9-ddb5-4fa4-a97d-d965ccfc6d4b" outcome="Passed" testListId="8c84fa94-04c1-424b-9868-57a2d4851a1d" relativeResultsDirectory="d3696091-46e6-44f5-a6d3-6b995fcf4f9d" />
    <UnitTestResult executionId="fe94fec5-9033-4d23-a4c9-f6f78dc1bb8d" testId="722ea2fc-66d4-f857-9fcb-eabadccad02e" testName="DeleteCustoemer_ShouldFail_WhenDifferentID" computerName="DESKTOP-IL75SC0" duration="00:00:00.0011224" startTime="2023-01-05T23:07:57.3935879+07:00" endTime="2023-01-05T23:07:57.3948414+07:00" testType="13cdc9d9-ddb5-4fa4-a97d-d965ccfc6d4b" outcome="Passed" testListId="8c84fa94-04c1-424b-9868-57a2d4851a1d" relativeResultsDirectory="fe94fec5-9033-4d23-a4c9-f6f78dc1bb8d" />
    <UnitTestResult executionId="e082f4de-18c4-42e8-a784-0bf4a4541789" testId="df162c2f-83da-e6a4-6fc7-4f54440a4d76" testName="Customer_TestNameShouldNotCorrectFormat" computerName="DESKTOP-IL75SC0" duration="00:00:00.0006467" startTime="2023-01-05T23:07:57.2962040+07:00" endTime="2023-01-05T23:07:57.2969823+07:00" testType="13cdc9d9-ddb5-4fa4-a97d-d965ccfc6d4b" outcome="Passed" testListId="8c84fa94-04c1-424b-9868-57a2d4851a1d" relativeResultsDirectory="e082f4de-18c4-42e8-a784-0bf4a4541789" resultType="DataDrivenTest">
      <InnerResults>
        <UnitTestResult executionId="92fcab7a-fe91-48bb-8f85-49785e45728b" parentExecutionId="e082f4de-18c4-42e8-a784-0bf4a4541789" testId="df162c2f-83da-e6a4-6fc7-4f54440a4d76" testName="Customer_TestNameShouldNotCorrectFormat (Nguyen Van @)" computerName="DESKTOP-IL75SC0" duration="00:00:00.0004766" startTime="2023-01-05T23:07:57.2962040+07:00" endTime="2023-01-05T23:07:57.2969823+07:00" testType="13cdc9d9-ddb5-4fa4-a97d-d965ccfc6d4b" outcome="Passed" testListId="8c84fa94-04c1-424b-9868-57a2d4851a1d" relativeResultsDirectory="92fcab7a-fe91-48bb-8f85-49785e45728b" dataRowInfo="1" resultType="DataDrivenDataRow" />
        <UnitTestResult executionId="3cf3cf52-a532-47ec-8595-bd52d5d97dd9" parentExecutionId="e082f4de-18c4-42e8-a784-0bf4a4541789" testId="df162c2f-83da-e6a4-6fc7-4f54440a4d76" testName="Customer_TestNameShouldNotCorrectFormat (Nguyen Van 1)" computerName="DESKTOP-IL75SC0" duration="00:00:00.0000423" startTime="2023-01-05T23:07:57.2962040+07:00" endTime="2023-01-05T23:07:57.2969823+07:00" testType="13cdc9d9-ddb5-4fa4-a97d-d965ccfc6d4b" outcome="Passed" testListId="8c84fa94-04c1-424b-9868-57a2d4851a1d" relativeResultsDirectory="3cf3cf52-a532-47ec-8595-bd52d5d97dd9" dataRowInfo="2" resultType="DataDrivenDataRow" />
      </InnerResults>
    </UnitTestResult>
    <UnitTestResult executionId="9657d0f7-37f4-478f-907c-5faecd31a29a" testId="6faa350e-8bb5-70a7-a971-1aee4ea0e4af" testName="Product_TestMissingImg" computerName="DESKTOP-IL75SC0" duration="00:00:00.0005776" startTime="2023-01-05T23:07:57.3151128+07:00" endTime="2023-01-05T23:07:57.3158447+07:00" testType="13cdc9d9-ddb5-4fa4-a97d-d965ccfc6d4b" outcome="Passed" testListId="8c84fa94-04c1-424b-9868-57a2d4851a1d" relativeResultsDirectory="9657d0f7-37f4-478f-907c-5faecd31a29a" />
    <UnitTestResult executionId="0e94eb50-abe6-437e-ab2e-6aa1a7b936a4" testId="b86e12d5-db71-953e-408e-cabbd5519bbd" testName="Contact_TestMissingEmail" computerName="DESKTOP-IL75SC0" duration="00:00:00.0004580" startTime="2023-01-05T23:07:57.3372817+07:00" endTime="2023-01-05T23:07:57.3378587+07:00" testType="13cdc9d9-ddb5-4fa4-a97d-d965ccfc6d4b" outcome="Passed" testListId="8c84fa94-04c1-424b-9868-57a2d4851a1d" relativeResultsDirectory="0e94eb50-abe6-437e-ab2e-6aa1a7b936a4" />
    <UnitTestResult executionId="a94d1780-f657-43d9-9399-9e070254af4b" testId="ea3caf38-4418-29dc-bfa3-2bea86d1aa65" testName="PostProduct_ShouldPass" computerName="DESKTOP-IL75SC0" duration="00:00:00.0043844" startTime="2023-01-05T23:07:57.3715468+07:00" endTime="2023-01-05T23:07:57.3761027+07:00" testType="13cdc9d9-ddb5-4fa4-a97d-d965ccfc6d4b" outcome="Passed" testListId="8c84fa94-04c1-424b-9868-57a2d4851a1d" relativeResultsDirectory="a94d1780-f657-43d9-9399-9e070254af4b" />
    <UnitTestResult executionId="2cb66e3f-b5bc-4077-9836-4596fec810f1" testId="3534fc41-5fde-e2e1-d80f-5a23458ebfb5" testName="Customer_TestMissingUsername" computerName="DESKTOP-IL75SC0" duration="00:00:00.0005143" startTime="2023-01-05T23:07:57.2326322+07:00" endTime="2023-01-05T23:07:57.2332913+07:00" testType="13cdc9d9-ddb5-4fa4-a97d-d965ccfc6d4b" outcome="Passed" testListId="8c84fa94-04c1-424b-9868-57a2d4851a1d" relativeResultsDirectory="2cb66e3f-b5bc-4077-9836-4596fec810f1" />
    <UnitTestResult executionId="3beca16c-f1e1-441e-b107-fc21e291592e" testId="ae21357d-9f58-b7fc-6b74-b0370043b0ba" testName="Customer_TestEmailShoudNotCorrectFormat" computerName="DESKTOP-IL75SC0" duration="00:00:00.0007015" startTime="2023-01-05T23:07:57.3059330+07:00" endTime="2023-01-05T23:07:57.3067557+07:00" testType="13cdc9d9-ddb5-4fa4-a97d-d965ccfc6d4b" outcome="Passed" testListId="8c84fa94-04c1-424b-9868-57a2d4851a1d" relativeResultsDirectory="3beca16c-f1e1-441e-b107-fc21e291592e" resultType="DataDrivenTest">
      <InnerResults>
        <UnitTestResult executionId="ad173617-81b4-4551-9fc0-87e383af065d" parentExecutionId="3beca16c-f1e1-441e-b107-fc21e291592e" testId="ae21357d-9f58-b7fc-6b74-b0370043b0ba" testName="Customer_TestEmailShoudNotCorrectFormat (email.com)" computerName="DESKTOP-IL75SC0" duration="00:00:00.0005311" startTime="2023-01-05T23:07:57.3059330+07:00" endTime="2023-01-05T23:07:57.3067557+07:00" testType="13cdc9d9-ddb5-4fa4-a97d-d965ccfc6d4b" outcome="Passed" testListId="8c84fa94-04c1-424b-9868-57a2d4851a1d" relativeResultsDirectory="ad173617-81b4-4551-9fc0-87e383af065d" dataRowInfo="1" resultType="DataDrivenDataRow" />
        <UnitTestResult executionId="ef72e6e8-e2f8-492f-ad44-702676e8f4ac" parentExecutionId="3beca16c-f1e1-441e-b107-fc21e291592e" testId="ae21357d-9f58-b7fc-6b74-b0370043b0ba" testName="Customer_TestEmailShoudNotCorrectFormat (email@a@em.com)" computerName="DESKTOP-IL75SC0" duration="00:00:00.0000916" startTime="2023-01-05T23:07:57.3059330+07:00" endTime="2023-01-05T23:07:57.3067557+07:00" testType="13cdc9d9-ddb5-4fa4-a97d-d965ccfc6d4b" outcome="Passed" testListId="8c84fa94-04c1-424b-9868-57a2d4851a1d" relativeResultsDirectory="ef72e6e8-e2f8-492f-ad44-702676e8f4ac" dataRowInfo="2" resultType="DataDrivenDataRow" />
      </InnerResults>
    </UnitTestResult>
    <UnitTestResult executionId="13989382-215a-47e0-acc3-4fb331557613" testId="da3de8f5-51b6-5c70-b974-edb5fa5896d9" testName="Customer_TestUserNameShouldCorrectFormat" computerName="DESKTOP-IL75SC0" duration="00:00:00.0005387" startTime="2023-01-05T23:07:57.2970134+07:00" endTime="2023-01-05T23:07:57.2976431+07:00" testType="13cdc9d9-ddb5-4fa4-a97d-d965ccfc6d4b" outcome="Passed" testListId="8c84fa94-04c1-424b-9868-57a2d4851a1d" relativeResultsDirectory="13989382-215a-47e0-acc3-4fb331557613" resultType="DataDrivenTest">
      <InnerResults>
        <UnitTestResult executionId="79dbbae0-1b57-4c7c-adfc-7bc62c05aac1" parentExecutionId="13989382-215a-47e0-acc3-4fb331557613" testId="da3de8f5-51b6-5c70-b974-edb5fa5896d9" testName="Customer_TestUserNameShouldCorrectFormat (user123)" computerName="DESKTOP-IL75SC0" duration="00:00:00.0005068" startTime="2023-01-05T23:07:57.2970134+07:00" endTime="2023-01-05T23:07:57.2976431+07:00" testType="13cdc9d9-ddb5-4fa4-a97d-d965ccfc6d4b" outcome="Passed" testListId="8c84fa94-04c1-424b-9868-57a2d4851a1d" relativeResultsDirectory="79dbbae0-1b57-4c7c-adfc-7bc62c05aac1" dataRowInfo="1" resultType="DataDrivenDataRow" />
      </InnerResults>
    </UnitTestResult>
    <UnitTestResult executionId="024e1b1b-9eca-4d3f-9931-2af2f41bd566" testId="dfe7ce95-10d2-c110-f213-e192ec67bc82" testName="Login_ShouldFail_WhenDifferenUsernamOrPassword" computerName="DESKTOP-IL75SC0" duration="00:00:00.0046599" startTime="2023-01-05T23:07:57.4018073+07:00" endTime="2023-01-05T23:07:57.4068053+07:00" testType="13cdc9d9-ddb5-4fa4-a97d-d965ccfc6d4b" outcome="Passed" testListId="8c84fa94-04c1-424b-9868-57a2d4851a1d" relativeResultsDirectory="024e1b1b-9eca-4d3f-9931-2af2f41bd566" />
    <UnitTestResult executionId="915ec965-13d7-4286-95b4-ff11a2a0d774" testId="6765a95f-7478-34b8-81e1-b6d694827121" testName="Contact_TestMissingDescription" computerName="DESKTOP-IL75SC0" duration="00:00:00.0003735" startTime="2023-01-05T23:07:57.3378872+07:00" endTime="2023-01-05T23:07:57.3383617+07:00" testType="13cdc9d9-ddb5-4fa4-a97d-d965ccfc6d4b" outcome="Passed" testListId="8c84fa94-04c1-424b-9868-57a2d4851a1d" relativeResultsDirectory="915ec965-13d7-4286-95b4-ff11a2a0d774" />
    <UnitTestResult executionId="9b51d3f5-4a2b-476a-9341-5833800a5f73" testId="06b5744a-9056-ad68-ca25-c4800e4b9a03" testName="PostProduct_ShouldPass" computerName="DESKTOP-IL75SC0" duration="00:00:00.0031435" startTime="2023-01-05T23:07:57.3419328+07:00" endTime="2023-01-05T23:07:57.3453290+07:00" testType="13cdc9d9-ddb5-4fa4-a97d-d965ccfc6d4b" outcome="Passed" testListId="8c84fa94-04c1-424b-9868-57a2d4851a1d" relativeResultsDirectory="9b51d3f5-4a2b-476a-9341-5833800a5f73" />
    <UnitTestResult executionId="c0a211bb-2a79-45ac-ba2c-fbe3db0488de" testId="e343b66e-1c56-fa7b-7f76-a2984b6b448b" testName="Contact_TestNameShouldCorrectFormat" computerName="DESKTOP-IL75SC0" duration="00:00:00.0004047" startTime="2023-01-05T23:07:57.3383887+07:00" endTime="2023-01-05T23:07:57.3388944+07:00" testType="13cdc9d9-ddb5-4fa4-a97d-d965ccfc6d4b" outcome="Passed" testListId="8c84fa94-04c1-424b-9868-57a2d4851a1d" relativeResultsDirectory="c0a211bb-2a79-45ac-ba2c-fbe3db0488de" resultType="DataDrivenTest">
      <InnerResults>
        <UnitTestResult executionId="ce83967a-8942-40e4-96df-da3f3797b005" parentExecutionId="c0a211bb-2a79-45ac-ba2c-fbe3db0488de" testId="e343b66e-1c56-fa7b-7f76-a2984b6b448b" testName="Contact_TestNameShouldCorrectFormat (Nguyen Van A)" computerName="DESKTOP-IL75SC0" duration="00:00:00.0003634" startTime="2023-01-05T23:07:57.3383887+07:00" endTime="2023-01-05T23:07:57.3388944+07:00" testType="13cdc9d9-ddb5-4fa4-a97d-d965ccfc6d4b" outcome="Passed" testListId="8c84fa94-04c1-424b-9868-57a2d4851a1d" relativeResultsDirectory="ce83967a-8942-40e4-96df-da3f3797b005" dataRowInfo="1" resultType="DataDrivenDataRow" />
      </InnerResults>
    </UnitTestResult>
    <UnitTestResult executionId="04548fd0-5815-4d89-93fc-2f11157a72d8" testId="2ebb83ec-f43e-4859-9c91-efbe65a936e0" testName="Customer_TestPasswordShoudNotCorrectFormat" computerName="DESKTOP-IL75SC0" duration="00:00:00.0007496" startTime="2023-01-05T23:07:57.3041556+07:00" endTime="2023-01-05T23:07:57.3050686+07:00" testType="13cdc9d9-ddb5-4fa4-a97d-d965ccfc6d4b" outcome="Passed" testListId="8c84fa94-04c1-424b-9868-57a2d4851a1d" relativeResultsDirectory="04548fd0-5815-4d89-93fc-2f11157a72d8" resultType="DataDrivenTest">
      <InnerResults>
        <UnitTestResult executionId="ff6a0305-7a30-449f-bd10-b9f46a450059" parentExecutionId="04548fd0-5815-4d89-93fc-2f11157a72d8" testId="2ebb83ec-f43e-4859-9c91-efbe65a936e0" testName="Customer_TestPasswordShoudNotCorrectFormat (123)" computerName="DESKTOP-IL75SC0" duration="00:00:00.0005996" startTime="2023-01-05T23:07:57.3041556+07:00" endTime="2023-01-05T23:07:57.3050686+07:00" testType="13cdc9d9-ddb5-4fa4-a97d-d965ccfc6d4b" outcome="Passed" testListId="8c84fa94-04c1-424b-9868-57a2d4851a1d" relativeResultsDirectory="ff6a0305-7a30-449f-bd10-b9f46a450059" dataRowInfo="1" resultType="DataDrivenDataRow" />
        <UnitTestResult executionId="478eb2ce-6878-45e3-b1cb-7b8daa1eadec" parentExecutionId="04548fd0-5815-4d89-93fc-2f11157a72d8" testId="2ebb83ec-f43e-4859-9c91-efbe65a936e0" testName="Customer_TestPasswordShoudNotCorrectFormat (12a)" computerName="DESKTOP-IL75SC0" duration="00:00:00.0000700" startTime="2023-01-05T23:07:57.3041556+07:00" endTime="2023-01-05T23:07:57.3050686+07:00" testType="13cdc9d9-ddb5-4fa4-a97d-d965ccfc6d4b" outcome="Passed" testListId="8c84fa94-04c1-424b-9868-57a2d4851a1d" relativeResultsDirectory="478eb2ce-6878-45e3-b1cb-7b8daa1eadec" dataRowInfo="2" resultType="DataDrivenDataRow" />
      </InnerResults>
    </UnitTestResult>
    <UnitTestResult executionId="9584ab5e-17c6-44fe-9575-ee8e1dfe816e" testId="236c86c2-c12e-c729-9f35-dabb09c0229d" testName="Product_TestStockShouldCorrectFormat" computerName="DESKTOP-IL75SC0" duration="00:00:00.0003965" startTime="2023-01-05T23:07:57.3256280+07:00" endTime="2023-01-05T23:07:57.3261211+07:00" testType="13cdc9d9-ddb5-4fa4-a97d-d965ccfc6d4b" outcome="Passed" testListId="8c84fa94-04c1-424b-9868-57a2d4851a1d" relativeResultsDirectory="9584ab5e-17c6-44fe-9575-ee8e1dfe816e" resultType="DataDrivenTest">
      <InnerResults>
        <UnitTestResult executionId="f46a3bc0-5649-4cc4-9ecb-9ba4e684a4cf" parentExecutionId="9584ab5e-17c6-44fe-9575-ee8e1dfe816e" testId="236c86c2-c12e-c729-9f35-dabb09c0229d" testName="Product_TestStockShouldCorrectFormat (5)" computerName="DESKTOP-IL75SC0" duration="00:00:00.0003047" startTime="2023-01-05T23:07:57.3256280+07:00" endTime="2023-01-05T23:07:57.3261211+07:00" testType="13cdc9d9-ddb5-4fa4-a97d-d965ccfc6d4b" outcome="Passed" testListId="8c84fa94-04c1-424b-9868-57a2d4851a1d" relativeResultsDirectory="f46a3bc0-5649-4cc4-9ecb-9ba4e684a4cf" dataRowInfo="1" resultType="DataDrivenDataRow" />
        <UnitTestResult executionId="e85252f5-4f5a-4034-ab32-bde72e91b387" parentExecutionId="9584ab5e-17c6-44fe-9575-ee8e1dfe816e" testId="236c86c2-c12e-c729-9f35-dabb09c0229d" testName="Product_TestStockShouldCorrectFormat (0)" computerName="DESKTOP-IL75SC0" duration="00:00:00.0000322" startTime="2023-01-05T23:07:57.3256280+07:00" endTime="2023-01-05T23:07:57.3261211+07:00" testType="13cdc9d9-ddb5-4fa4-a97d-d965ccfc6d4b" outcome="Passed" testListId="8c84fa94-04c1-424b-9868-57a2d4851a1d" relativeResultsDirectory="e85252f5-4f5a-4034-ab32-bde72e91b387" dataRowInfo="2" resultType="DataDrivenDataRow" />
      </InnerResults>
    </UnitTestResult>
    <UnitTestResult executionId="4bab5644-4d49-4e11-82df-e851530e9bdc" testId="97d52996-6e7b-332f-b764-89e95022b220" testName="Customer_TestMissingName" computerName="DESKTOP-IL75SC0" duration="00:00:00.0127004" startTime="2023-01-05T23:07:57.2195524+07:00" endTime="2023-01-05T23:07:57.2325983+07:00" testType="13cdc9d9-ddb5-4fa4-a97d-d965ccfc6d4b" outcome="Passed" testListId="8c84fa94-04c1-424b-9868-57a2d4851a1d" relativeResultsDirectory="4bab5644-4d49-4e11-82df-e851530e9bdc" />
    <UnitTestResult executionId="359c4a4d-1e03-48c6-bf27-b52dd392f48d" testId="12f5cf98-a984-ef3c-f501-88e0f45550b9" testName="Contact_TestMissingName" computerName="DESKTOP-IL75SC0" duration="00:00:00.0014391" startTime="2023-01-05T23:07:57.3354100+07:00" endTime="2023-01-05T23:07:57.3372463+07:00" testType="13cdc9d9-ddb5-4fa4-a97d-d965ccfc6d4b" outcome="Passed" testListId="8c84fa94-04c1-424b-9868-57a2d4851a1d" relativeResultsDirectory="359c4a4d-1e03-48c6-bf27-b52dd392f48d" />
    <UnitTestResult executionId="b5143e58-01bf-4a83-8143-94b4c684ef2f" testId="15b2b326-1c41-9c5a-0e98-a2572863be7a" testName="Customer_TestMissingPassword" computerName="DESKTOP-IL75SC0" duration="00:00:00.0003632" startTime="2023-01-05T23:07:57.2333178+07:00" endTime="2023-01-05T23:07:57.2337750+07:00" testType="13cdc9d9-ddb5-4fa4-a97d-d965ccfc6d4b" outcome="Passed" testListId="8c84fa94-04c1-424b-9868-57a2d4851a1d" relativeResultsDirectory="b5143e58-01bf-4a83-8143-94b4c684ef2f" />
    <UnitTestResult executionId="8b82fef6-ec52-4c17-8cb7-a042aa062b00" testId="75b2ad64-53f7-f6fb-e835-65a781ec4a3a" testName="Customer_TestMissingPhone" computerName="DESKTOP-IL75SC0" duration="00:00:00.0004264" startTime="2023-01-05T23:07:57.2905826+07:00" endTime="2023-01-05T23:07:57.2911696+07:00" testType="13cdc9d9-ddb5-4fa4-a97d-d965ccfc6d4b" outcome="Passed" testListId="8c84fa94-04c1-424b-9868-57a2d4851a1d" relativeResultsDirectory="8b82fef6-ec52-4c17-8cb7-a042aa062b00" />
    <UnitTestResult executionId="b39baaed-cc04-4bab-afc0-08dc94e1c44d" testId="478675dd-0577-c48d-cfd4-e9ef182b77dd" testName="Customer_TestNameShouldCorrectFormat" computerName="DESKTOP-IL75SC0" duration="00:00:00.0031695" startTime="2023-01-05T23:07:57.2912004+07:00" endTime="2023-01-05T23:07:57.2961634+07:00" testType="13cdc9d9-ddb5-4fa4-a97d-d965ccfc6d4b" outcome="Passed" testListId="8c84fa94-04c1-424b-9868-57a2d4851a1d" relativeResultsDirectory="b39baaed-cc04-4bab-afc0-08dc94e1c44d" resultType="DataDrivenTest">
      <InnerResults>
        <UnitTestResult executionId="1394c802-afb9-4856-866f-761c70ab21f4" parentExecutionId="b39baaed-cc04-4bab-afc0-08dc94e1c44d" testId="478675dd-0577-c48d-cfd4-e9ef182b77dd" testName="Customer_TestNameShouldCorrectFormat (Nguyen Van A)" computerName="DESKTOP-IL75SC0" duration="00:00:00.0004456" startTime="2023-01-05T23:07:57.2912004+07:00" endTime="2023-01-05T23:07:57.2961634+07:00" testType="13cdc9d9-ddb5-4fa4-a97d-d965ccfc6d4b" outcome="Passed" testListId="8c84fa94-04c1-424b-9868-57a2d4851a1d" relativeResultsDirectory="1394c802-afb9-4856-866f-761c70ab21f4" dataRowInfo="1" resultType="DataDrivenDataRow" />
      </InnerResults>
    </UnitTestResult>
    <UnitTestResult executionId="6928828a-dd10-4c47-b9c6-076947f28f04" testId="6246607f-344a-adcf-da07-ccfae1146568" testName="Product_TestProductNameShouldNotCorrectForm" computerName="DESKTOP-IL75SC0" duration="00:00:00.0006227" startTime="2023-01-05T23:07:57.3204388+07:00" endTime="2023-01-05T23:07:57.3211760+07:00" testType="13cdc9d9-ddb5-4fa4-a97d-d965ccfc6d4b" outcome="Passed" testListId="8c84fa94-04c1-424b-9868-57a2d4851a1d" relativeResultsDirectory="6928828a-dd10-4c47-b9c6-076947f28f04" resultType="DataDrivenTest">
      <InnerResults>
        <UnitTestResult executionId="46bf9463-4e4d-4a01-8c55-32a5bbc4f626" parentExecutionId="6928828a-dd10-4c47-b9c6-076947f28f04" testId="6246607f-344a-adcf-da07-ccfae1146568" testName="Product_TestProductNameShouldNotCorrectForm (Banh kem @)" computerName="DESKTOP-IL75SC0" duration="00:00:00.0005789" startTime="2023-01-05T23:07:57.3204388+07:00" endTime="2023-01-05T23:07:57.3211760+07:00" testType="13cdc9d9-ddb5-4fa4-a97d-d965ccfc6d4b" outcome="Passed" testListId="8c84fa94-04c1-424b-9868-57a2d4851a1d" relativeResultsDirectory="46bf9463-4e4d-4a01-8c55-32a5bbc4f626" dataRowInfo="1" resultType="DataDrivenDataRow" />
      </InnerResults>
    </UnitTestResult>
    <UnitTestResult executionId="f729af7d-35f8-47aa-b3a6-a636e51faa54" testId="d3d49da5-8bdb-6de7-130f-d6b241565ad3" testName="Contact_TestEmailShouldCorrectFormat" computerName="DESKTOP-IL75SC0" duration="00:00:00.0003117" startTime="2023-01-05T23:07:57.3394243+07:00" endTime="2023-01-05T23:07:57.3398255+07:00" testType="13cdc9d9-ddb5-4fa4-a97d-d965ccfc6d4b" outcome="Passed" testListId="8c84fa94-04c1-424b-9868-57a2d4851a1d" relativeResultsDirectory="f729af7d-35f8-47aa-b3a6-a636e51faa54" resultType="DataDrivenTest">
      <InnerResults>
        <UnitTestResult executionId="1675acb5-7513-408c-88b6-8e47d78c9e26" parentExecutionId="f729af7d-35f8-47aa-b3a6-a636e51faa54" testId="d3d49da5-8bdb-6de7-130f-d6b241565ad3" testName="Contact_TestEmailShouldCorrectFormat (email@email.com)" computerName="DESKTOP-IL75SC0" duration="00:00:00.0002743" startTime="2023-01-05T23:07:57.3394243+07:00" endTime="2023-01-05T23:07:57.3398255+07:00" testType="13cdc9d9-ddb5-4fa4-a97d-d965ccfc6d4b" outcome="Passed" testListId="8c84fa94-04c1-424b-9868-57a2d4851a1d" relativeResultsDirectory="1675acb5-7513-408c-88b6-8e47d78c9e26" dataRowInfo="1" resultType="DataDrivenDataRow" />
      </InnerResults>
    </UnitTestResult>
    <UnitTestResult executionId="3d7e07a0-2dc9-401f-b1e8-b9cd571aef50" testId="425d8b17-571d-8682-5de0-c3ba488ab55c" testName="Product_TestDescriptionShouldNotCorrectFormat" computerName="DESKTOP-IL75SC0" duration="00:00:00.0004203" startTime="2023-01-05T23:07:57.3250926+07:00" endTime="2023-01-05T23:07:57.3256033+07:00" testType="13cdc9d9-ddb5-4fa4-a97d-d965ccfc6d4b" outcome="Passed" testListId="8c84fa94-04c1-424b-9868-57a2d4851a1d" relativeResultsDirectory="3d7e07a0-2dc9-401f-b1e8-b9cd571aef50" resultType="DataDrivenTest">
      <InnerResults>
        <UnitTestResult executionId="2bb6a14b-d89a-45bb-98a1-50e5f62f2ca2" parentExecutionId="3d7e07a0-2dc9-401f-b1e8-b9cd571aef50" testId="425d8b17-571d-8682-5de0-c3ba488ab55c" testName="Product_TestDescriptionShouldNotCorrectFormat (Banh kem @)" computerName="DESKTOP-IL75SC0" duration="00:00:00.0003895" startTime="2023-01-05T23:07:57.3250926+07:00" endTime="2023-01-05T23:07:57.3256033+07:00" testType="13cdc9d9-ddb5-4fa4-a97d-d965ccfc6d4b" outcome="Passed" testListId="8c84fa94-04c1-424b-9868-57a2d4851a1d" relativeResultsDirectory="2bb6a14b-d89a-45bb-98a1-50e5f62f2ca2" dataRowInfo="1" resultType="DataDrivenDataRow" />
      </InnerResults>
    </UnitTestResult>
    <UnitTestResult executionId="968d2c3a-2f5c-4f25-bbb7-c2ca7c3195c0" testId="1704916b-ac83-8e00-a81d-b2d9282de41e" testName="GetProducts_ShouldReturnAllProducts" computerName="DESKTOP-IL75SC0" duration="00:00:00.0005842" startTime="2023-01-05T23:07:57.3524662+07:00" endTime="2023-01-05T23:07:57.3531827+07:00" testType="13cdc9d9-ddb5-4fa4-a97d-d965ccfc6d4b" outcome="Passed" testListId="8c84fa94-04c1-424b-9868-57a2d4851a1d" relativeResultsDirectory="968d2c3a-2f5c-4f25-bbb7-c2ca7c3195c0" />
    <UnitTestResult executionId="bd7f74db-696c-4666-91e1-abe07bb321ce" testId="7e692db4-7cbb-41a9-8a6e-ae7737e6f668" testName="Contact_TestNameShouldNotCorrectFormat" computerName="DESKTOP-IL75SC0" duration="00:00:00.0003791" startTime="2023-01-05T23:07:57.3389249+07:00" endTime="2023-01-05T23:07:57.3393939+07:00" testType="13cdc9d9-ddb5-4fa4-a97d-d965ccfc6d4b" outcome="Passed" testListId="8c84fa94-04c1-424b-9868-57a2d4851a1d" relativeResultsDirectory="bd7f74db-696c-4666-91e1-abe07bb321ce" resultType="DataDrivenTest">
      <InnerResults>
        <UnitTestResult executionId="a307b5df-4e3a-40ab-b7db-b4bfd208e582" parentExecutionId="bd7f74db-696c-4666-91e1-abe07bb321ce" testId="7e692db4-7cbb-41a9-8a6e-ae7737e6f668" testName="Contact_TestNameShouldNotCorrectFormat (Banh kem @)" computerName="DESKTOP-IL75SC0" duration="00:00:00.0003423" startTime="2023-01-05T23:07:57.3389249+07:00" endTime="2023-01-05T23:07:57.3393939+07:00" testType="13cdc9d9-ddb5-4fa4-a97d-d965ccfc6d4b" outcome="Passed" testListId="8c84fa94-04c1-424b-9868-57a2d4851a1d" relativeResultsDirectory="a307b5df-4e3a-40ab-b7db-b4bfd208e582" dataRowInfo="1" resultType="DataDrivenDataRow" />
      </InnerResults>
    </UnitTestResult>
    <UnitTestResult executionId="d4a3f4b4-50ac-4fb1-b1f4-a2191d0ad65f" testId="dc097a5c-5a7d-1214-7baa-46cf0ca6003d" testName="PostCustomer_ShouldFail_WhenEmailIsAlreadyExist" computerName="DESKTOP-IL75SC0" duration="00:00:00.0053548" startTime="2023-01-05T23:07:57.3816378+07:00" endTime="2023-01-05T23:07:57.3871339+07:00" testType="13cdc9d9-ddb5-4fa4-a97d-d965ccfc6d4b" outcome="Passed" testListId="8c84fa94-04c1-424b-9868-57a2d4851a1d" relativeResultsDirectory="d4a3f4b4-50ac-4fb1-b1f4-a2191d0ad65f" />
    <UnitTestResult executionId="22f4546d-9c3f-40ef-94be-6e9a6fc04180" testId="115636b2-5b13-6917-9839-4c4b6952f105" testName="GetProduct_ShouldReturnProductWithSameID" computerName="DESKTOP-IL75SC0" duration="00:00:00.0017052" startTime="2023-01-05T23:07:57.3506101+07:00" endTime="2023-01-05T23:07:57.3524226+07:00" testType="13cdc9d9-ddb5-4fa4-a97d-d965ccfc6d4b" outcome="Passed" testListId="8c84fa94-04c1-424b-9868-57a2d4851a1d" relativeResultsDirectory="22f4546d-9c3f-40ef-94be-6e9a6fc04180" />
    <UnitTestResult executionId="e05324da-1367-47cc-a387-395dc22f1519" testId="ba979be6-f540-866a-ad55-cbcba628d61d" testName="GetCustomer_ShouldReturnAllCustomer" computerName="DESKTOP-IL75SC0" duration="00:00:00.0013194" startTime="2023-01-05T23:07:57.3663704+07:00" endTime="2023-01-05T23:07:57.3680585+07:00" testType="13cdc9d9-ddb5-4fa4-a97d-d965ccfc6d4b" outcome="Passed" testListId="8c84fa94-04c1-424b-9868-57a2d4851a1d" relativeResultsDirectory="e05324da-1367-47cc-a387-395dc22f1519" />
    <UnitTestResult executionId="d77cf21b-13f1-45eb-9d06-35d417609e8a" testId="8d42dad7-d4a0-937d-c35a-d55c3be2063d" testName="PutCustomer_ShouldPass" computerName="DESKTOP-IL75SC0" duration="00:00:00.0005592" startTime="2023-01-05T23:07:57.3871709+07:00" endTime="2023-01-05T23:07:57.3878686+07:00" testType="13cdc9d9-ddb5-4fa4-a97d-d965ccfc6d4b" outcome="Passed" testListId="8c84fa94-04c1-424b-9868-57a2d4851a1d" relativeResultsDirectory="d77cf21b-13f1-45eb-9d06-35d417609e8a" />
  </Results>
  <TestDefinitions>
    <UnitTest name="PutProduct_ShouldFail_WhenDifferentID" storage="c:\users\thien\downloads\webbanhkem-main\webbanhkem-main\be\apifood\testcakeshop\bin\debug\net5.0\testcakeshop.dll" id="f1ae7686-a9bd-981d-5c7b-71cd720532fb">
      <Execution id="7eefeda2-fa21-4e7b-a5e2-c0e5d19a4e66" />
      <TestMethod codeBase="C:\Users\thien\Downloads\WebBanhKem-main\WebBanhKem-main\be\Apifood\TestCakeShop\bin\Debug\net5.0\TestCakeShop.dll" adapterTypeName="executor://mstestadapter/v2" className="CakeShop.ProductTest.TestProductController" name="PutProduct_ShouldFail_WhenDifferentID" />
    </UnitTest>
    <UnitTest name="Contact_TestEmailShouldCorrectFormat" storage="c:\users\thien\downloads\webbanhkem-main\webbanhkem-main\be\apifood\testcakeshop\bin\debug\net5.0\testcakeshop.dll" id="d3d49da5-8bdb-6de7-130f-d6b241565ad3">
      <Execution id="f729af7d-35f8-47aa-b3a6-a636e51faa54" />
      <TestMethod codeBase="C:\Users\thien\Downloads\WebBanhKem-main\WebBanhKem-main\be\Apifood\TestCakeShop\bin\Debug\net5.0\TestCakeShop.dll" adapterTypeName="executor://mstestadapter/v2" className="CakeShop.ValidationTesting.TestValidationContact" name="Contact_TestEmailShouldCorrectFormat" />
    </UnitTest>
    <UnitTest name="Customer_TestMissingAddress" storage="c:\users\thien\downloads\webbanhkem-main\webbanhkem-main\be\apifood\testcakeshop\bin\debug\net5.0\testcakeshop.dll" id="0029830b-b607-cf4a-b4ad-7eac2715fa5e">
      <Execution id="bb45ec41-461f-49b2-a75d-538eb8b4f935" />
      <TestMethod codeBase="C:\Users\thien\Downloads\WebBanhKem-main\WebBanhKem-main\be\Apifood\TestCakeShop\bin\Debug\net5.0\TestCakeShop.dll" adapterTypeName="executor://mstestadapter/v2" className="CakeShop.ValidationTesting.TestValidationCustomer" name="Customer_TestMissingAddress" />
    </UnitTest>
    <UnitTest name="Product_TestMissingDes" storage="c:\users\thien\downloads\webbanhkem-main\webbanhkem-main\be\apifood\testcakeshop\bin\debug\net5.0\testcakeshop.dll" id="a58d11cf-4b49-29c8-49a0-1253b8266844">
      <Execution id="8cd7863f-f165-4685-ab06-6851c55b9616" />
      <TestMethod codeBase="C:\Users\thien\Downloads\WebBanhKem-main\WebBanhKem-main\be\Apifood\TestCakeShop\bin\Debug\net5.0\TestCakeShop.dll" adapterTypeName="executor://mstestadapter/v2" className="CakeShop.ValidationTesting.TestValidationProduct" name="Product_TestMissingDes" />
    </UnitTest>
    <UnitTest name="Customer_TestMissingPassword" storage="c:\users\thien\downloads\webbanhkem-main\webbanhkem-main\be\apifood\testcakeshop\bin\debug\net5.0\testcakeshop.dll" id="15b2b326-1c41-9c5a-0e98-a2572863be7a">
      <Execution id="b5143e58-01bf-4a83-8143-94b4c684ef2f" />
      <TestMethod codeBase="C:\Users\thien\Downloads\WebBanhKem-main\WebBanhKem-main\be\Apifood\TestCakeShop\bin\Debug\net5.0\TestCakeShop.dll" adapterTypeName="executor://mstestadapter/v2" className="CakeShop.ValidationTesting.TestValidationCustomer" name="Customer_TestMissingPassword" />
    </UnitTest>
    <UnitTest name="PostCustomer_ShouldFail_WhenEmailIsAlreadyExist" storage="c:\users\thien\downloads\webbanhkem-main\webbanhkem-main\be\apifood\testcakeshop\bin\debug\net5.0\testcakeshop.dll" id="dc097a5c-5a7d-1214-7baa-46cf0ca6003d">
      <Execution id="d4a3f4b4-50ac-4fb1-b1f4-a2191d0ad65f" />
      <TestMethod codeBase="C:\Users\thien\Downloads\WebBanhKem-main\WebBanhKem-main\be\Apifood\TestCakeShop\bin\Debug\net5.0\TestCakeShop.dll" adapterTypeName="executor://mstestadapter/v2" className="CakeShop.CustomerTest.CustomerTest" name="PostCustomer_ShouldFail_WhenEmailIsAlreadyExist" />
    </UnitTest>
    <UnitTest name="Product_TestPriceShouldCorrectFormat" storage="c:\users\thien\downloads\webbanhkem-main\webbanhkem-main\be\apifood\testcakeshop\bin\debug\net5.0\testcakeshop.dll" id="64ff8993-7ad8-dc18-ee2d-3a816dc7d6c3">
      <Execution id="3e996573-703e-41da-968f-a374a7e44bd7" />
      <TestMethod codeBase="C:\Users\thien\Downloads\WebBanhKem-main\WebBanhKem-main\be\Apifood\TestCakeShop\bin\Debug\net5.0\TestCakeShop.dll" adapterTypeName="executor://mstestadapter/v2" className="CakeShop.ValidationTesting.TestValidationProduct" name="Product_TestPriceShouldCorrectFormat" />
    </UnitTest>
    <UnitTest name="Product_TestMissingProductNameImgDes" storage="c:\users\thien\downloads\webbanhkem-main\webbanhkem-main\be\apifood\testcakeshop\bin\debug\net5.0\testcakeshop.dll" id="6b40456e-33f9-7aa7-cd74-6d6732f64846">
      <Execution id="97248223-4cd7-44c0-a443-f87d80198c30" />
      <TestMethod codeBase="C:\Users\thien\Downloads\WebBanhKem-main\WebBanhKem-main\be\Apifood\TestCakeShop\bin\Debug\net5.0\TestCakeShop.dll" adapterTypeName="executor://mstestadapter/v2" className="CakeShop.ValidationTesting.TestValidationProduct" name="Product_TestMissingProductNameImgDes" />
    </UnitTest>
    <UnitTest name="PutCustomer_ShouldFail_WhenDifferentID" storage="c:\users\thien\downloads\webbanhkem-main\webbanhkem-main\be\apifood\testcakeshop\bin\debug\net5.0\testcakeshop.dll" id="2c0f8f03-dd47-7b3a-4c75-200b73d60e3a">
      <Execution id="d3696091-46e6-44f5-a6d3-6b995fcf4f9d" />
      <TestMethod codeBase="C:\Users\thien\Downloads\WebBanhKem-main\WebBanhKem-main\be\Apifood\TestCakeShop\bin\Debug\net5.0\TestCakeShop.dll" adapterTypeName="executor://mstestadapter/v2" className="CakeShop.CustomerTest.CustomerTest" name="PutCustomer_ShouldFail_WhenDifferentID" />
    </UnitTest>
    <UnitTest name="DeleteProduct_ShouldFail_WhenDifferentID" storage="c:\users\thien\downloads\webbanhkem-main\webbanhkem-main\be\apifood\testcakeshop\bin\debug\net5.0\testcakeshop.dll" id="024f147c-0314-6d5a-bc2f-5695c956ab9c">
      <Execution id="d63b7db8-c920-467f-aaba-b149e492dc59" />
      <TestMethod codeBase="C:\Users\thien\Downloads\WebBanhKem-main\WebBanhKem-main\be\Apifood\TestCakeShop\bin\Debug\net5.0\TestCakeShop.dll" adapterTypeName="executor://mstestadapter/v2" className="CakeShop.ProductTest.TestProductController" name="DeleteProduct_ShouldFail_WhenDifferentID" />
    </UnitTest>
    <UnitTest name="Product_TestDescriptionShouldNotCorrectFormat" storage="c:\users\thien\downloads\webbanhkem-main\webbanhkem-main\be\apifood\testcakeshop\bin\debug\net5.0\testcakeshop.dll" id="425d8b17-571d-8682-5de0-c3ba488ab55c">
      <Execution id="3d7e07a0-2dc9-401f-b1e8-b9cd571aef50" />
      <TestMethod codeBase="C:\Users\thien\Downloads\WebBanhKem-main\WebBanhKem-main\be\Apifood\TestCakeShop\bin\Debug\net5.0\TestCakeShop.dll" adapterTypeName="executor://mstestadapter/v2" className="CakeShop.ValidationTesting.TestValidationProduct" name="Product_TestDescriptionShouldNotCorrectFormat" />
    </UnitTest>
    <UnitTest name="PutCustomer_ShouldPass" storage="c:\users\thien\downloads\webbanhkem-main\webbanhkem-main\be\apifood\testcakeshop\bin\debug\net5.0\testcakeshop.dll" id="8d42dad7-d4a0-937d-c35a-d55c3be2063d">
      <Execution id="d77cf21b-13f1-45eb-9d06-35d417609e8a" />
      <TestMethod codeBase="C:\Users\thien\Downloads\WebBanhKem-main\WebBanhKem-main\be\Apifood\TestCakeShop\bin\Debug\net5.0\TestCakeShop.dll" adapterTypeName="executor://mstestadapter/v2" className="CakeShop.CustomerTest.CustomerTest" name="PutCustomer_ShouldPass" />
    </UnitTest>
    <UnitTest name="Contact_TestMissingName" storage="c:\users\thien\downloads\webbanhkem-main\webbanhkem-main\be\apifood\testcakeshop\bin\debug\net5.0\testcakeshop.dll" id="12f5cf98-a984-ef3c-f501-88e0f45550b9">
      <Execution id="359c4a4d-1e03-48c6-bf27-b52dd392f48d" />
      <TestMethod codeBase="C:\Users\thien\Downloads\WebBanhKem-main\WebBanhKem-main\be\Apifood\TestCakeShop\bin\Debug\net5.0\TestCakeShop.dll" adapterTypeName="executor://mstestadapter/v2" className="CakeShop.ValidationTesting.TestValidationContact" name="Contact_TestMissingName" />
    </UnitTest>
    <UnitTest name="Product_TestProductNameShouldNotCorrectForm" storage="c:\users\thien\downloads\webbanhkem-main\webbanhkem-main\be\apifood\testcakeshop\bin\debug\net5.0\testcakeshop.dll" id="6246607f-344a-adcf-da07-ccfae1146568">
      <Execution id="6928828a-dd10-4c47-b9c6-076947f28f04" />
      <TestMethod codeBase="C:\Users\thien\Downloads\WebBanhKem-main\WebBanhKem-main\be\Apifood\TestCakeShop\bin\Debug\net5.0\TestCakeShop.dll" adapterTypeName="executor://mstestadapter/v2" className="CakeShop.ValidationTesting.TestValidationProduct" name="Product_TestProductNameShouldNotCorrectForm" />
    </UnitTest>
    <UnitTest name="Login_ShouldFail_WhenDifferenUsernamOrPassword" storage="c:\users\thien\downloads\webbanhkem-main\webbanhkem-main\be\apifood\testcakeshop\bin\debug\net5.0\testcakeshop.dll" id="dfe7ce95-10d2-c110-f213-e192ec67bc82">
      <Execution id="024e1b1b-9eca-4d3f-9931-2af2f41bd566" />
      <TestMethod codeBase="C:\Users\thien\Downloads\WebBanhKem-main\WebBanhKem-main\be\Apifood\TestCakeShop\bin\Debug\net5.0\TestCakeShop.dll" adapterTypeName="executor://mstestadapter/v2" className="CakeShop.CustomerTest.CustomerTest" name="Login_ShouldFail_WhenDifferenUsernamOrPassword" />
    </UnitTest>
    <UnitTest name="Customer_TestNameShouldCorrectFormat" storage="c:\users\thien\downloads\webbanhkem-main\webbanhkem-main\be\apifood\testcakeshop\bin\debug\net5.0\testcakeshop.dll" id="478675dd-0577-c48d-cfd4-e9ef182b77dd">
      <Execution id="b39baaed-cc04-4bab-afc0-08dc94e1c44d" />
      <TestMethod codeBase="C:\Users\thien\Downloads\WebBanhKem-main\WebBanhKem-main\be\Apifood\TestCakeShop\bin\Debug\net5.0\TestCakeShop.dll" adapterTypeName="executor://mstestadapter/v2" className="CakeShop.ValidationTesting.TestValidationCustomer" name="Customer_TestNameShouldCorrectFormat" />
    </UnitTest>
    <UnitTest name="Contact_TestNameShouldNotCorrectFormat" storage="c:\users\thien\downloads\webbanhkem-main\webbanhkem-main\be\apifood\testcakeshop\bin\debug\net5.0\testcakeshop.dll" id="7e692db4-7cbb-41a9-8a6e-ae7737e6f668">
      <Execution id="bd7f74db-696c-4666-91e1-abe07bb321ce" />
      <TestMethod codeBase="C:\Users\thien\Downloads\WebBanhKem-main\WebBanhKem-main\be\Apifood\TestCakeShop\bin\Debug\net5.0\TestCakeShop.dll" adapterTypeName="executor://mstestadapter/v2" className="CakeShop.ValidationTesting.TestValidationContact" name="Contact_TestNameShouldNotCorrectFormat" />
    </UnitTest>
    <UnitTest name="Customer_TestMissingUsername" storage="c:\users\thien\downloads\webbanhkem-main\webbanhkem-main\be\apifood\testcakeshop\bin\debug\net5.0\testcakeshop.dll" id="3534fc41-5fde-e2e1-d80f-5a23458ebfb5">
      <Execution id="2cb66e3f-b5bc-4077-9836-4596fec810f1" />
      <TestMethod codeBase="C:\Users\thien\Downloads\WebBanhKem-main\WebBanhKem-main\be\Apifood\TestCakeShop\bin\Debug\net5.0\TestCakeShop.dll" adapterTypeName="executor://mstestadapter/v2" className="CakeShop.ValidationTesting.TestValidationCustomer" name="Customer_TestMissingUsername" />
    </UnitTest>
    <UnitTest name="Product_TestPriceShouldNotCorrectFormat" storage="c:\users\thien\downloads\webbanhkem-main\webbanhkem-main\be\apifood\testcakeshop\bin\debug\net5.0\testcakeshop.dll" id="80363030-cadf-9647-4873-3f1ef449f32b">
      <Execution id="4fe96836-9bd8-4756-9a15-1fbc44145eef" />
      <TestMethod codeBase="C:\Users\thien\Downloads\WebBanhKem-main\WebBanhKem-main\be\Apifood\TestCakeShop\bin\Debug\net5.0\TestCakeShop.dll" adapterTypeName="executor://mstestadapter/v2" className="CakeShop.ValidationTesting.TestValidationProduct" name="Product_TestPriceShouldNotCorrectFormat" />
    </UnitTest>
    <UnitTest name="Customer_TestMissingPhone" storage="c:\users\thien\downloads\webbanhkem-main\webbanhkem-main\be\apifood\testcakeshop\bin\debug\net5.0\testcakeshop.dll" id="75b2ad64-53f7-f6fb-e835-65a781ec4a3a">
      <Execution id="8b82fef6-ec52-4c17-8cb7-a042aa062b00" />
      <TestMethod codeBase="C:\Users\thien\Downloads\WebBanhKem-main\WebBanhKem-main\be\Apifood\TestCakeShop\bin\Debug\net5.0\TestCakeShop.dll" adapterTypeName="executor://mstestadapter/v2" className="CakeShop.ValidationTesting.TestValidationCustomer" name="Customer_TestMissingPhone" />
    </UnitTest>
    <UnitTest name="Customer_TestPasswordShoudNotCorrectFormat" storage="c:\users\thien\downloads\webbanhkem-main\webbanhkem-main\be\apifood\testcakeshop\bin\debug\net5.0\testcakeshop.dll" id="2ebb83ec-f43e-4859-9c91-efbe65a936e0">
      <Execution id="04548fd0-5815-4d89-93fc-2f11157a72d8" />
      <TestMethod codeBase="C:\Users\thien\Downloads\WebBanhKem-main\WebBanhKem-main\be\Apifood\TestCakeShop\bin\Debug\net5.0\TestCakeShop.dll" adapterTypeName="executor://mstestadapter/v2" className="CakeShop.ValidationTesting.TestValidationCustomer" name="Customer_TestPasswordShoudNotCorrectFormat" />
    </UnitTest>
    <UnitTest name="Contact_TestMissingDescription" storage="c:\users\thien\downloads\webbanhkem-main\webbanhkem-main\be\apifood\testcakeshop\bin\debug\net5.0\testcakeshop.dll" id="6765a95f-7478-34b8-81e1-b6d694827121">
      <Execution id="915ec965-13d7-4286-95b4-ff11a2a0d774" />
      <TestMethod codeBase="C:\Users\thien\Downloads\WebBanhKem-main\WebBanhKem-main\be\Apifood\TestCakeShop\bin\Debug\net5.0\TestCakeShop.dll" adapterTypeName="executor://mstestadapter/v2" className="CakeShop.ValidationTesting.TestValidationContact" name="Contact_TestMissingDescription" />
    </UnitTest>
    <UnitTest name="Customer_TestMissingEmail" storage="c:\users\thien\downloads\webbanhkem-main\webbanhkem-main\be\apifood\testcakeshop\bin\debug\net5.0\testcakeshop.dll" id="8d4bb9ff-7705-f33a-d1dd-d90e2431d814">
      <Execution id="fb53ca11-2df6-464d-bdd5-222f46c0cb11" />
      <TestMethod codeBase="C:\Users\thien\Downloads\WebBanhKem-main\WebBanhKem-main\be\Apifood\TestCakeShop\bin\Debug\net5.0\TestCakeShop.dll" adapterTypeName="executor://mstestadapter/v2" className="CakeShop.ValidationTesting.TestValidationCustomer" name="Customer_TestMissingEmail" />
    </UnitTest>
    <UnitTest name="Login_ShouldPass" storage="c:\users\thien\downloads\webbanhkem-main\webbanhkem-main\be\apifood\testcakeshop\bin\debug\net5.0\testcakeshop.dll" id="e984cf93-f1aa-07f7-5391-716623ab0505">
      <Execution id="add15d12-ab10-424d-a922-28ef938aafca" />
      <TestMethod codeBase="C:\Users\thien\Downloads\WebBanhKem-main\WebBanhKem-main\be\Apifood\TestCakeShop\bin\Debug\net5.0\TestCakeShop.dll" adapterTypeName="executor://mstestadapter/v2" className="CakeShop.CustomerTest.CustomerTest" name="Login_ShouldPass" />
    </UnitTest>
    <UnitTest name="GetCustomer_ShouldReturnAllCustomer" storage="c:\users\thien\downloads\webbanhkem-main\webbanhkem-main\be\apifood\testcakeshop\bin\debug\net5.0\testcakeshop.dll" id="ba979be6-f540-866a-ad55-cbcba628d61d">
      <Execution id="e05324da-1367-47cc-a387-395dc22f1519" />
      <TestMethod codeBase="C:\Users\thien\Downloads\WebBanhKem-main\WebBanhKem-main\be\Apifood\TestCakeShop\bin\Debug\net5.0\TestCakeShop.dll" adapterTypeName="executor://mstestadapter/v2" className="CakeShop.CustomerTest.CustomerTest" name="GetCustomer_ShouldReturnAllCustomer" />
    </UnitTest>
    <UnitTest name="Customer_TestMissingName" storage="c:\users\thien\downloads\webbanhkem-main\webbanhkem-main\be\apifood\testcakeshop\bin\debug\net5.0\testcakeshop.dll" id="97d52996-6e7b-332f-b764-89e95022b220">
      <Execution id="4bab5644-4d49-4e11-82df-e851530e9bdc" />
      <TestMethod codeBase="C:\Users\thien\Downloads\WebBanhKem-main\WebBanhKem-main\be\Apifood\TestCakeShop\bin\Debug\net5.0\TestCakeShop.dll" adapterTypeName="executor://mstestadapter/v2" className="CakeShop.ValidationTesting.TestValidationCustomer" name="Customer_TestMissingName" />
    </UnitTest>
    <UnitTest name="DeleteCustomer_ShouldReturnOK" storage="c:\users\thien\downloads\webbanhkem-main\webbanhkem-main\be\apifood\testcakeshop\bin\debug\net5.0\testcakeshop.dll" id="01f8bf27-aff2-b96b-1d0b-5387e28f91bc">
      <Execution id="3792d58b-1f8d-426e-813b-827ec0cd9e9f" />
      <TestMethod codeBase="C:\Users\thien\Downloads\WebBanhKem-main\WebBanhKem-main\be\Apifood\TestCakeShop\bin\Debug\net5.0\TestCakeShop.dll" adapterTypeName="executor://mstestadapter/v2" className="CakeShop.CustomerTest.CustomerTest" name="DeleteCustomer_ShouldReturnOK" />
    </UnitTest>
    <UnitTest name="PostCustomer_ShouldFail_WhenUsernameIsAlreadyExist" storage="c:\users\thien\downloads\webbanhkem-main\webbanhkem-main\be\apifood\testcakeshop\bin\debug\net5.0\testcakeshop.dll" id="c377b1e5-5003-e822-ba25-9c68f7143ff7">
      <Execution id="221dd2ed-9e59-431d-addc-73ddbe9530d2" />
      <TestMethod codeBase="C:\Users\thien\Downloads\WebBanhKem-main\WebBanhKem-main\be\Apifood\TestCakeShop\bin\Debug\net5.0\TestCakeShop.dll" adapterTypeName="executor://mstestadapter/v2" className="CakeShop.CustomerTest.CustomerTest" name="PostCustomer_ShouldFail_WhenUsernameIsAlreadyExist" />
    </UnitTest>
    <UnitTest name="GetProduct_ShouldReturnProductWithSameID" storage="c:\users\thien\downloads\webbanhkem-main\webbanhkem-main\be\apifood\testcakeshop\bin\debug\net5.0\testcakeshop.dll" id="115636b2-5b13-6917-9839-4c4b6952f105">
      <Execution id="22f4546d-9c3f-40ef-94be-6e9a6fc04180" />
      <TestMethod codeBase="C:\Users\thien\Downloads\WebBanhKem-main\WebBanhKem-main\be\Apifood\TestCakeShop\bin\Debug\net5.0\TestCakeShop.dll" adapterTypeName="executor://mstestadapter/v2" className="CakeShop.ProductTest.TestProductController" name="GetProduct_ShouldReturnProductWithSameID" />
    </UnitTest>
    <UnitTest name="SearchProductName_ShouldPass" storage="c:\users\thien\downloads\webbanhkem-main\webbanhkem-main\be\apifood\testcakeshop\bin\debug\net5.0\testcakeshop.dll" id="44541ffd-bb2f-235c-2d6b-f2cc1865d2d6">
      <Execution id="3d0c19bb-f7eb-4e14-9f6c-6673a7d91b48" />
      <TestMethod codeBase="C:\Users\thien\Downloads\WebBanhKem-main\WebBanhKem-main\be\Apifood\TestCakeShop\bin\Debug\net5.0\TestCakeShop.dll" adapterTypeName="executor://mstestadapter/v2" className="CakeShop.ProductTest.TestProductController" name="SearchProductName_ShouldPass" />
    </UnitTest>
    <UnitTest name="PutProduct_ShouldReturnStatusCode" storage="c:\users\thien\downloads\webbanhkem-main\webbanhkem-main\be\apifood\testcakeshop\bin\debug\net5.0\testcakeshop.dll" id="c0435c39-f7b8-69dd-d57f-02a6a5968769">
      <Execution id="779b0817-a7c6-428f-baec-12dcbf6c32ab" />
      <TestMethod codeBase="C:\Users\thien\Downloads\WebBanhKem-main\WebBanhKem-main\be\Apifood\TestCakeShop\bin\Debug\net5.0\TestCakeShop.dll" adapterTypeName="executor://mstestadapter/v2" className="CakeShop.ProductTest.TestProductController" name="PutProduct_ShouldReturnStatusCode" />
    </UnitTest>
    <UnitTest name="DeleteContact_ShouldReturnOK" storage="c:\users\thien\downloads\webbanhkem-main\webbanhkem-main\be\apifood\testcakeshop\bin\debug\net5.0\testcakeshop.dll" id="daacd202-eddb-2f96-eea8-456db0c56cb4">
      <Execution id="ebd2dfa5-2267-430f-9a55-449457a3be22" />
      <TestMethod codeBase="C:\Users\thien\Downloads\WebBanhKem-main\WebBanhKem-main\be\Apifood\TestCakeShop\bin\Debug\net5.0\TestCakeShop.dll" adapterTypeName="executor://mstestadapter/v2" className="TestCakeShop.Test.ContactTest" name="DeleteContact_ShouldReturnOK" />
    </UnitTest>
    <UnitTest name="Product_TestStockShouldCorrectFormat" storage="c:\users\thien\downloads\webbanhkem-main\webbanhkem-main\be\apifood\testcakeshop\bin\debug\net5.0\testcakeshop.dll" id="236c86c2-c12e-c729-9f35-dabb09c0229d">
      <Execution id="9584ab5e-17c6-44fe-9575-ee8e1dfe816e" />
      <TestMethod codeBase="C:\Users\thien\Downloads\WebBanhKem-main\WebBanhKem-main\be\Apifood\TestCakeShop\bin\Debug\net5.0\TestCakeShop.dll" adapterTypeName="executor://mstestadapter/v2" className="CakeShop.ValidationTesting.TestValidationProduct" name="Product_TestStockShouldCorrectFormat" />
    </UnitTest>
    <UnitTest name="PostProduct_ShouldFail_WhenProductNameIsAlreadyExist" storage="c:\users\thien\downloads\webbanhkem-main\webbanhkem-main\be\apifood\testcakeshop\bin\debug\net5.0\testcakeshop.dll" id="37fd2b2c-ffac-9be8-b19b-4cc1c77d2e79">
      <Execution id="10c3801c-cea1-4916-a68d-620cdf0a8ea5" />
      <TestMethod codeBase="C:\Users\thien\Downloads\WebBanhKem-main\WebBanhKem-main\be\Apifood\TestCakeShop\bin\Debug\net5.0\TestCakeShop.dll" adapterTypeName="executor://mstestadapter/v2" className="CakeShop.ProductTest.TestProductController" name="PostProduct_ShouldFail_WhenProductNameIsAlreadyExist" />
    </UnitTest>
    <UnitTest name="PostContact_ShouldPass" storage="c:\users\thien\downloads\webbanhkem-main\webbanhkem-main\be\apifood\testcakeshop\bin\debug\net5.0\testcakeshop.dll" id="8ec8b30d-3b54-7ab3-c159-6d72a9041b24">
      <Execution id="2762ec6a-e618-4210-bf62-562e82b01c84" />
      <TestMethod codeBase="C:\Users\thien\Downloads\WebBanhKem-main\WebBanhKem-main\be\Apifood\TestCakeShop\bin\Debug\net5.0\TestCakeShop.dll" adapterTypeName="executor://mstestadapter/v2" className="TestCakeShop.Test.ContactTest" name="PostContact_ShouldPass" />
    </UnitTest>
    <UnitTest name="Product_TestMissingImg" storage="c:\users\thien\downloads\webbanhkem-main\webbanhkem-main\be\apifood\testcakeshop\bin\debug\net5.0\testcakeshop.dll" id="6faa350e-8bb5-70a7-a971-1aee4ea0e4af">
      <Execution id="9657d0f7-37f4-478f-907c-5faecd31a29a" />
      <TestMethod codeBase="C:\Users\thien\Downloads\WebBanhKem-main\WebBanhKem-main\be\Apifood\TestCakeShop\bin\Debug\net5.0\TestCakeShop.dll" adapterTypeName="executor://mstestadapter/v2" className="CakeShop.ValidationTesting.TestValidationProduct" name="Product_TestMissingImg" />
    </UnitTest>
    <UnitTest name="GetCustomer_ShouldReturnProductWithSameID" storage="c:\users\thien\downloads\webbanhkem-main\webbanhkem-main\be\apifood\testcakeshop\bin\debug\net5.0\testcakeshop.dll" id="8469ff38-735d-379d-64bc-e2015b98cad7">
      <Execution id="38662a76-70af-41da-ac2a-3716699b8a36" />
      <TestMethod codeBase="C:\Users\thien\Downloads\WebBanhKem-main\WebBanhKem-main\be\Apifood\TestCakeShop\bin\Debug\net5.0\TestCakeShop.dll" adapterTypeName="executor://mstestadapter/v2" className="CakeShop.CustomerTest.CustomerTest" name="GetCustomer_ShouldReturnProductWithSameID" />
    </UnitTest>
    <UnitTest name="Customer_TestUserNameShouldNotCorrectFormat" storage="c:\users\thien\downloads\webbanhkem-main\webbanhkem-main\be\apifood\testcakeshop\bin\debug\net5.0\testcakeshop.dll" id="661bc7c7-ee5b-1f99-751e-780f99600de2">
      <Execution id="c84be8f0-b1a6-47c5-8b6a-d562babec1de" />
      <TestMethod codeBase="C:\Users\thien\Downloads\WebBanhKem-main\WebBanhKem-main\be\Apifood\TestCakeShop\bin\Debug\net5.0\TestCakeShop.dll" adapterTypeName="executor://mstestadapter/v2" className="CakeShop.ValidationTesting.TestValidationCustomer" name="Customer_TestUserNameShouldNotCorrectFormat" />
    </UnitTest>
    <UnitTest name="Customer_TestPhoneShouldCorrectFormat" storage="c:\users\thien\downloads\webbanhkem-main\webbanhkem-main\be\apifood\testcakeshop\bin\debug\net5.0\testcakeshop.dll" id="05279bd8-43a1-14fd-7ed5-42f3dbe7c1d1">
      <Execution id="e7267993-65c9-440a-9620-bf6b512aafd3" />
      <TestMethod codeBase="C:\Users\thien\Downloads\WebBanhKem-main\WebBanhKem-main\be\Apifood\TestCakeShop\bin\Debug\net5.0\TestCakeShop.dll" adapterTypeName="executor://mstestadapter/v2" className="CakeShop.ValidationTesting.TestValidationCustomer" name="Customer_TestPhoneShouldCorrectFormat" />
    </UnitTest>
    <UnitTest name="PostProduct_ShouldPass" storage="c:\users\thien\downloads\webbanhkem-main\webbanhkem-main\be\apifood\testcakeshop\bin\debug\net5.0\testcakeshop.dll" id="ea3caf38-4418-29dc-bfa3-2bea86d1aa65">
      <Execution id="a94d1780-f657-43d9-9399-9e070254af4b" />
      <TestMethod codeBase="C:\Users\thien\Downloads\WebBanhKem-main\WebBanhKem-main\be\Apifood\TestCakeShop\bin\Debug\net5.0\TestCakeShop.dll" adapterTypeName="executor://mstestadapter/v2" className="CakeShop.CustomerTest.CustomerTest" name="PostProduct_ShouldPass" />
    </UnitTest>
    <UnitTest name="DeleteCustoemer_ShouldFail_WhenDifferentID" storage="c:\users\thien\downloads\webbanhkem-main\webbanhkem-main\be\apifood\testcakeshop\bin\debug\net5.0\testcakeshop.dll" id="722ea2fc-66d4-f857-9fcb-eabadccad02e">
      <Execution id="fe94fec5-9033-4d23-a4c9-f6f78dc1bb8d" />
      <TestMethod codeBase="C:\Users\thien\Downloads\WebBanhKem-main\WebBanhKem-main\be\Apifood\TestCakeShop\bin\Debug\net5.0\TestCakeShop.dll" adapterTypeName="executor://mstestadapter/v2" className="CakeShop.CustomerTest.CustomerTest" name="DeleteCustoemer_ShouldFail_WhenDifferentID" />
    </UnitTest>
    <UnitTest name="Customer_TestEmailShouldCorrectFormat" storage="c:\users\thien\downloads\webbanhkem-main\webbanhkem-main\be\apifood\testcakeshop\bin\debug\net5.0\testcakeshop.dll" id="31eff71f-de7f-f23d-c97a-aac8df470827">
      <Execution id="2ec6619e-af2b-4e13-8a45-66c47911a0c7" />
      <TestMethod codeBase="C:\Users\thien\Downloads\WebBanhKem-main\WebBanhKem-main\be\Apifood\TestCakeShop\bin\Debug\net5.0\TestCakeShop.dll" adapterTypeName="executor://mstestadapter/v2" className="CakeShop.ValidationTesting.TestValidationCustomer" name="Customer_TestEmailShouldCorrectFormat" />
    </UnitTest>
    <UnitTest name="Customer_TestUserNameShouldCorrectFormat" storage="c:\users\thien\downloads\webbanhkem-main\webbanhkem-main\be\apifood\testcakeshop\bin\debug\net5.0\testcakeshop.dll" id="da3de8f5-51b6-5c70-b974-edb5fa5896d9">
      <Execution id="13989382-215a-47e0-acc3-4fb331557613" />
      <TestMethod codeBase="C:\Users\thien\Downloads\WebBanhKem-main\WebBanhKem-main\be\Apifood\TestCakeShop\bin\Debug\net5.0\TestCakeShop.dll" adapterTypeName="executor://mstestadapter/v2" className="CakeShop.ValidationTesting.TestValidationCustomer" name="Customer_TestUserNameShouldCorrectFormat" />
    </UnitTest>
    <UnitTest name="Product_TestDescriptionShouldCorrectFormat" storage="c:\users\thien\downloads\webbanhkem-main\webbanhkem-main\be\apifood\testcakeshop\bin\debug\net5.0\testcakeshop.dll" id="be9dd0ed-741b-abad-a9ac-34f4cacf9c22">
      <Execution id="28d5c7f6-a560-4f77-a386-92bca8e12ae5" />
      <TestMethod codeBase="C:\Users\thien\Downloads\WebBanhKem-main\WebBanhKem-main\be\Apifood\TestCakeShop\bin\Debug\net5.0\TestCakeShop.dll" adapterTypeName="executor://mstestadapter/v2" className="CakeShop.ValidationTesting.TestValidationProduct" name="Product_TestDescriptionShouldCorrectFormat" />
    </UnitTest>
    <UnitTest name="DeleteProduct_ShouldReturnOK" storage="c:\users\thien\downloads\webbanhkem-main\webbanhkem-main\be\apifood\testcakeshop\bin\debug\net5.0\testcakeshop.dll" id="9ce7043d-d6dc-2aec-7157-3c63c6e90dec">
      <Execution id="a6518801-6f6e-40e1-a0a9-da318f9454d6" />
      <TestMethod codeBase="C:\Users\thien\Downloads\WebBanhKem-main\WebBanhKem-main\be\Apifood\TestCakeShop\bin\Debug\net5.0\TestCakeShop.dll" adapterTypeName="executor://mstestadapter/v2" className="CakeShop.ProductTest.TestProductController" name="DeleteProduct_ShouldReturnOK" />
    </UnitTest>
    <UnitTest name="DeleteContact_ShouldFail_WhenDifferentID" storage="c:\users\thien\downloads\webbanhkem-main\webbanhkem-main\be\apifood\testcakeshop\bin\debug\net5.0\testcakeshop.dll" id="7562f81c-8ed1-1904-be99-bf895b28397c">
      <Execution id="6d795a80-7323-4895-9a97-ffe12a7f3210" />
      <TestMethod codeBase="C:\Users\thien\Downloads\WebBanhKem-main\WebBanhKem-main\be\Apifood\TestCakeShop\bin\Debug\net5.0\TestCakeShop.dll" adapterTypeName="executor://mstestadapter/v2" className="TestCakeShop.Test.ContactTest" name="DeleteContact_ShouldFail_WhenDifferentID" />
    </UnitTest>
    <UnitTest name="Contact_TestEmailShouldNotCorrectFormat" storage="c:\users\thien\downloads\webbanhkem-main\webbanhkem-main\be\apifood\testcakeshop\bin\debug\net5.0\testcakeshop.dll" id="489be05a-a48e-3816-c703-f15beb96fb4f">
      <Execution id="348580b5-18b7-4f81-8c53-6f965359f7ec" />
      <TestMethod codeBase="C:\Users\thien\Downloads\WebBanhKem-main\WebBanhKem-main\be\Apifood\TestCakeShop\bin\Debug\net5.0\TestCakeShop.dll" adapterTypeName="executor://mstestadapter/v2" className="CakeShop.ValidationTesting.TestValidationContact" name="Contact_TestEmailShouldNotCorrectFormat" />
    </UnitTest>
    <UnitTest name="Product_TestProductNameShouldCorrectFormat" storage="c:\users\thien\downloads\webbanhkem-main\webbanhkem-main\be\apifood\testcakeshop\bin\debug\net5.0\testcakeshop.dll" id="57766a7e-3888-02cb-2ce9-942d9fb3cb42">
      <Execution id="50131ebf-62c9-45ff-b5df-383bfdadeae2" />
      <TestMethod codeBase="C:\Users\thien\Downloads\WebBanhKem-main\WebBanhKem-main\be\Apifood\TestCakeShop\bin\Debug\net5.0\TestCakeShop.dll" adapterTypeName="executor://mstestadapter/v2" className="CakeShop.ValidationTesting.TestValidationProduct" name="Product_TestProductNameShouldCorrectFormat" />
    </UnitTest>
    <UnitTest name="Customer_TestPasswordShouldCorrectFormat" storage="c:\users\thien\downloads\webbanhkem-main\webbanhkem-main\be\apifood\testcakeshop\bin\debug\net5.0\testcakeshop.dll" id="356ceb55-4dff-1179-113f-cee8788a1add">
      <Execution id="ed246812-333a-48f1-9ab7-35123a0580cd" />
      <TestMethod codeBase="C:\Users\thien\Downloads\WebBanhKem-main\WebBanhKem-main\be\Apifood\TestCakeShop\bin\Debug\net5.0\TestCakeShop.dll" adapterTypeName="executor://mstestadapter/v2" className="CakeShop.ValidationTesting.TestValidationCustomer" name="Customer_TestPasswordShouldCorrectFormat" />
    </UnitTest>
    <UnitTest name="GetContact_ShouldReturnAllCustomer" storage="c:\users\thien\downloads\webbanhkem-main\webbanhkem-main\be\apifood\testcakeshop\bin\debug\net5.0\testcakeshop.dll" id="144145c2-8379-72bb-fe70-a689ee0091a9">
      <Execution id="71bea55f-39ce-4da6-933a-1bd9bc7454f1" />
      <TestMethod codeBase="C:\Users\thien\Downloads\WebBanhKem-main\WebBanhKem-main\be\Apifood\TestCakeShop\bin\Debug\net5.0\TestCakeShop.dll" adapterTypeName="executor://mstestadapter/v2" className="TestCakeShop.Test.ContactTest" name="GetContact_ShouldReturnAllCustomer" />
    </UnitTest>
    <UnitTest name="Contact_TestMissingEmail" storage="c:\users\thien\downloads\webbanhkem-main\webbanhkem-main\be\apifood\testcakeshop\bin\debug\net5.0\testcakeshop.dll" id="b86e12d5-db71-953e-408e-cabbd5519bbd">
      <Execution id="0e94eb50-abe6-437e-ab2e-6aa1a7b936a4" />
      <TestMethod codeBase="C:\Users\thien\Downloads\WebBanhKem-main\WebBanhKem-main\be\Apifood\TestCakeShop\bin\Debug\net5.0\TestCakeShop.dll" adapterTypeName="executor://mstestadapter/v2" className="CakeShop.ValidationTesting.TestValidationContact" name="Contact_TestMissingEmail" />
    </UnitTest>
    <UnitTest name="Customer_TestPhoneShouldNotCorrectFormat" storage="c:\users\thien\downloads\webbanhkem-main\webbanhkem-main\be\apifood\testcakeshop\bin\debug\net5.0\testcakeshop.dll" id="4d2e2ab2-4a98-8086-6d65-d5ee0e337dff">
      <Execution id="0c1efa39-2818-44c3-b7b7-7022d0e1617f" />
      <TestMethod codeBase="C:\Users\thien\Downloads\WebBanhKem-main\WebBanhKem-main\be\Apifood\TestCakeShop\bin\Debug\net5.0\TestCakeShop.dll" adapterTypeName="executor://mstestadapter/v2" className="CakeShop.ValidationTesting.TestValidationCustomer" name="Customer_TestPhoneShouldNotCorrectFormat" />
    </UnitTest>
    <UnitTest name="Contact_TestNameShouldCorrectFormat" storage="c:\users\thien\downloads\webbanhkem-main\webbanhkem-main\be\apifood\testcakeshop\bin\debug\net5.0\testcakeshop.dll" id="e343b66e-1c56-fa7b-7f76-a2984b6b448b">
      <Execution id="c0a211bb-2a79-45ac-ba2c-fbe3db0488de" />
      <TestMethod codeBase="C:\Users\thien\Downloads\WebBanhKem-main\WebBanhKem-main\be\Apifood\TestCakeShop\bin\Debug\net5.0\TestCakeShop.dll" adapterTypeName="executor://mstestadapter/v2" className="CakeShop.ValidationTesting.TestValidationContact" name="Contact_TestNameShouldCorrectFormat" />
    </UnitTest>
    <UnitTest name="PostProduct_ShouldPass" storage="c:\users\thien\downloads\webbanhkem-main\webbanhkem-main\be\apifood\testcakeshop\bin\debug\net5.0\testcakeshop.dll" id="06b5744a-9056-ad68-ca25-c4800e4b9a03">
      <Execution id="9b51d3f5-4a2b-476a-9341-5833800a5f73" />
      <TestMethod codeBase="C:\Users\thien\Downloads\WebBanhKem-main\WebBanhKem-main\be\Apifood\TestCakeShop\bin\Debug\net5.0\TestCakeShop.dll" adapterTypeName="executor://mstestadapter/v2" className="CakeShop.ProductTest.TestProductController" name="PostProduct_ShouldPass" />
    </UnitTest>
    <UnitTest name="GetProducts_ShouldReturnAllProducts" storage="c:\users\thien\downloads\webbanhkem-main\webbanhkem-main\be\apifood\testcakeshop\bin\debug\net5.0\testcakeshop.dll" id="1704916b-ac83-8e00-a81d-b2d9282de41e">
      <Execution id="968d2c3a-2f5c-4f25-bbb7-c2ca7c3195c0" />
      <TestMethod codeBase="C:\Users\thien\Downloads\WebBanhKem-main\WebBanhKem-main\be\Apifood\TestCakeShop\bin\Debug\net5.0\TestCakeShop.dll" adapterTypeName="executor://mstestadapter/v2" className="CakeShop.ProductTest.TestProductController" name="GetProducts_ShouldReturnAllProducts" />
    </UnitTest>
    <UnitTest name="Product_TestStockShouldNotCorrectFormat" storage="c:\users\thien\downloads\webbanhkem-main\webbanhkem-main\be\apifood\testcakeshop\bin\debug\net5.0\testcakeshop.dll" id="dd09df84-3dab-c3c3-67c3-77630689899f">
      <Execution id="4a49cbb4-ba8e-40d1-a78f-03106e6a9c75" />
      <TestMethod codeBase="C:\Users\thien\Downloads\WebBanhKem-main\WebBanhKem-main\be\Apifood\TestCakeShop\bin\Debug\net5.0\TestCakeShop.dll" adapterTypeName="executor://mstestadapter/v2" className="CakeShop.ValidationTesting.TestValidationProduct" name="Product_TestStockShouldNotCorrectFormat" />
    </UnitTest>
    <UnitTest name="SearchProductName_ShouldFail_WhenProductNameIsNotExist" storage="c:\users\thien\downloads\webbanhkem-main\webbanhkem-main\be\apifood\testcakeshop\bin\debug\net5.0\testcakeshop.dll" id="12c091ab-95ec-a292-6859-beca667efe3c">
      <Execution id="1522559a-bb52-4059-b584-83da123e8b42" />
      <TestMethod codeBase="C:\Users\thien\Downloads\WebBanhKem-main\WebBanhKem-main\be\Apifood\TestCakeShop\bin\Debug\net5.0\TestCakeShop.dll" adapterTypeName="executor://mstestadapter/v2" className="CakeShop.ProductTest.TestProductController" name="SearchProductName_ShouldFail_WhenProductNameIsNotExist" />
    </UnitTest>
    <UnitTest name="Customer_TestEmailShoudNotCorrectFormat" storage="c:\users\thien\downloads\webbanhkem-main\webbanhkem-main\be\apifood\testcakeshop\bin\debug\net5.0\testcakeshop.dll" id="ae21357d-9f58-b7fc-6b74-b0370043b0ba">
      <Execution id="3beca16c-f1e1-441e-b107-fc21e291592e" />
      <TestMethod codeBase="C:\Users\thien\Downloads\WebBanhKem-main\WebBanhKem-main\be\Apifood\TestCakeShop\bin\Debug\net5.0\TestCakeShop.dll" adapterTypeName="executor://mstestadapter/v2" className="CakeShop.ValidationTesting.TestValidationCustomer" name="Customer_TestEmailShoudNotCorrectFormat" />
    </UnitTest>
    <UnitTest name="Customer_TestNameShouldNotCorrectFormat" storage="c:\users\thien\downloads\webbanhkem-main\webbanhkem-main\be\apifood\testcakeshop\bin\debug\net5.0\testcakeshop.dll" id="df162c2f-83da-e6a4-6fc7-4f54440a4d76">
      <Execution id="e082f4de-18c4-42e8-a784-0bf4a4541789" />
      <TestMethod codeBase="C:\Users\thien\Downloads\WebBanhKem-main\WebBanhKem-main\be\Apifood\TestCakeShop\bin\Debug\net5.0\TestCakeShop.dll" adapterTypeName="executor://mstestadapter/v2" className="CakeShop.ValidationTesting.TestValidationCustomer" name="Customer_TestNameShouldNotCorrectFormat" />
    </UnitTest>
  </TestDefinitions>
  <TestEntries>
    <TestEntry testId="dd09df84-3dab-c3c3-67c3-77630689899f" executionId="4a49cbb4-ba8e-40d1-a78f-03106e6a9c75" testListId="8c84fa94-04c1-424b-9868-57a2d4851a1d" />
    <TestEntry testId="c0435c39-f7b8-69dd-d57f-02a6a5968769" executionId="779b0817-a7c6-428f-baec-12dcbf6c32ab" testListId="8c84fa94-04c1-424b-9868-57a2d4851a1d" />
    <TestEntry testId="05279bd8-43a1-14fd-7ed5-42f3dbe7c1d1" executionId="e7267993-65c9-440a-9620-bf6b512aafd3" testListId="8c84fa94-04c1-424b-9868-57a2d4851a1d" />
    <TestEntry testId="c377b1e5-5003-e822-ba25-9c68f7143ff7" executionId="221dd2ed-9e59-431d-addc-73ddbe9530d2" testListId="8c84fa94-04c1-424b-9868-57a2d4851a1d" />
    <TestEntry testId="a58d11cf-4b49-29c8-49a0-1253b8266844" executionId="8cd7863f-f165-4685-ab06-6851c55b9616" testListId="8c84fa94-04c1-424b-9868-57a2d4851a1d" />
    <TestEntry testId="80363030-cadf-9647-4873-3f1ef449f32b" executionId="4fe96836-9bd8-4756-9a15-1fbc44145eef" testListId="8c84fa94-04c1-424b-9868-57a2d4851a1d" />
    <TestEntry testId="024f147c-0314-6d5a-bc2f-5695c956ab9c" executionId="d63b7db8-c920-467f-aaba-b149e492dc59" testListId="8c84fa94-04c1-424b-9868-57a2d4851a1d" />
    <TestEntry testId="64ff8993-7ad8-dc18-ee2d-3a816dc7d6c3" executionId="3e996573-703e-41da-968f-a374a7e44bd7" testListId="8c84fa94-04c1-424b-9868-57a2d4851a1d" />
    <TestEntry testId="57766a7e-3888-02cb-2ce9-942d9fb3cb42" executionId="50131ebf-62c9-45ff-b5df-383bfdadeae2" testListId="8c84fa94-04c1-424b-9868-57a2d4851a1d" />
    <TestEntry testId="8469ff38-735d-379d-64bc-e2015b98cad7" executionId="38662a76-70af-41da-ac2a-3716699b8a36" testListId="8c84fa94-04c1-424b-9868-57a2d4851a1d" />
    <TestEntry testId="daacd202-eddb-2f96-eea8-456db0c56cb4" executionId="ebd2dfa5-2267-430f-9a55-449457a3be22" testListId="8c84fa94-04c1-424b-9868-57a2d4851a1d" />
    <TestEntry testId="356ceb55-4dff-1179-113f-cee8788a1add" executionId="ed246812-333a-48f1-9ab7-35123a0580cd" testListId="8c84fa94-04c1-424b-9868-57a2d4851a1d" />
    <TestEntry testId="661bc7c7-ee5b-1f99-751e-780f99600de2" executionId="c84be8f0-b1a6-47c5-8b6a-d562babec1de" testListId="8c84fa94-04c1-424b-9868-57a2d4851a1d" />
    <TestEntry testId="144145c2-8379-72bb-fe70-a689ee0091a9" executionId="71bea55f-39ce-4da6-933a-1bd9bc7454f1" testListId="8c84fa94-04c1-424b-9868-57a2d4851a1d" />
    <TestEntry testId="31eff71f-de7f-f23d-c97a-aac8df470827" executionId="2ec6619e-af2b-4e13-8a45-66c47911a0c7" testListId="8c84fa94-04c1-424b-9868-57a2d4851a1d" />
    <TestEntry testId="e984cf93-f1aa-07f7-5391-716623ab0505" executionId="add15d12-ab10-424d-a922-28ef938aafca" testListId="8c84fa94-04c1-424b-9868-57a2d4851a1d" />
    <TestEntry testId="be9dd0ed-741b-abad-a9ac-34f4cacf9c22" executionId="28d5c7f6-a560-4f77-a386-92bca8e12ae5" testListId="8c84fa94-04c1-424b-9868-57a2d4851a1d" />
    <TestEntry testId="6b40456e-33f9-7aa7-cd74-6d6732f64846" executionId="97248223-4cd7-44c0-a443-f87d80198c30" testListId="8c84fa94-04c1-424b-9868-57a2d4851a1d" />
    <TestEntry testId="9ce7043d-d6dc-2aec-7157-3c63c6e90dec" executionId="a6518801-6f6e-40e1-a0a9-da318f9454d6" testListId="8c84fa94-04c1-424b-9868-57a2d4851a1d" />
    <TestEntry testId="7562f81c-8ed1-1904-be99-bf895b28397c" executionId="6d795a80-7323-4895-9a97-ffe12a7f3210" testListId="8c84fa94-04c1-424b-9868-57a2d4851a1d" />
    <TestEntry testId="8d4bb9ff-7705-f33a-d1dd-d90e2431d814" executionId="fb53ca11-2df6-464d-bdd5-222f46c0cb11" testListId="8c84fa94-04c1-424b-9868-57a2d4851a1d" />
    <TestEntry testId="4d2e2ab2-4a98-8086-6d65-d5ee0e337dff" executionId="0c1efa39-2818-44c3-b7b7-7022d0e1617f" testListId="8c84fa94-04c1-424b-9868-57a2d4851a1d" />
    <TestEntry testId="8ec8b30d-3b54-7ab3-c159-6d72a9041b24" executionId="2762ec6a-e618-4210-bf62-562e82b01c84" testListId="8c84fa94-04c1-424b-9868-57a2d4851a1d" />
    <TestEntry testId="0029830b-b607-cf4a-b4ad-7eac2715fa5e" executionId="bb45ec41-461f-49b2-a75d-538eb8b4f935" testListId="8c84fa94-04c1-424b-9868-57a2d4851a1d" />
    <TestEntry testId="12c091ab-95ec-a292-6859-beca667efe3c" executionId="1522559a-bb52-4059-b584-83da123e8b42" testListId="8c84fa94-04c1-424b-9868-57a2d4851a1d" />
    <TestEntry testId="f1ae7686-a9bd-981d-5c7b-71cd720532fb" executionId="7eefeda2-fa21-4e7b-a5e2-c0e5d19a4e66" testListId="8c84fa94-04c1-424b-9868-57a2d4851a1d" />
    <TestEntry testId="01f8bf27-aff2-b96b-1d0b-5387e28f91bc" executionId="3792d58b-1f8d-426e-813b-827ec0cd9e9f" testListId="8c84fa94-04c1-424b-9868-57a2d4851a1d" />
    <TestEntry testId="37fd2b2c-ffac-9be8-b19b-4cc1c77d2e79" executionId="10c3801c-cea1-4916-a68d-620cdf0a8ea5" testListId="8c84fa94-04c1-424b-9868-57a2d4851a1d" />
    <TestEntry testId="489be05a-a48e-3816-c703-f15beb96fb4f" executionId="348580b5-18b7-4f81-8c53-6f965359f7ec" testListId="8c84fa94-04c1-424b-9868-57a2d4851a1d" />
    <TestEntry testId="44541ffd-bb2f-235c-2d6b-f2cc1865d2d6" executionId="3d0c19bb-f7eb-4e14-9f6c-6673a7d91b48" testListId="8c84fa94-04c1-424b-9868-57a2d4851a1d" />
    <TestEntry testId="2c0f8f03-dd47-7b3a-4c75-200b73d60e3a" executionId="d3696091-46e6-44f5-a6d3-6b995fcf4f9d" testListId="8c84fa94-04c1-424b-9868-57a2d4851a1d" />
    <TestEntry testId="722ea2fc-66d4-f857-9fcb-eabadccad02e" executionId="fe94fec5-9033-4d23-a4c9-f6f78dc1bb8d" testListId="8c84fa94-04c1-424b-9868-57a2d4851a1d" />
    <TestEntry testId="df162c2f-83da-e6a4-6fc7-4f54440a4d76" executionId="e082f4de-18c4-42e8-a784-0bf4a4541789" testListId="8c84fa94-04c1-424b-9868-57a2d4851a1d" />
    <TestEntry testId="6faa350e-8bb5-70a7-a971-1aee4ea0e4af" executionId="9657d0f7-37f4-478f-907c-5faecd31a29a" testListId="8c84fa94-04c1-424b-9868-57a2d4851a1d" />
    <TestEntry testId="b86e12d5-db71-953e-408e-cabbd5519bbd" executionId="0e94eb50-abe6-437e-ab2e-6aa1a7b936a4" testListId="8c84fa94-04c1-424b-9868-57a2d4851a1d" />
    <TestEntry testId="ea3caf38-4418-29dc-bfa3-2bea86d1aa65" executionId="a94d1780-f657-43d9-9399-9e070254af4b" testListId="8c84fa94-04c1-424b-9868-57a2d4851a1d" />
    <TestEntry testId="3534fc41-5fde-e2e1-d80f-5a23458ebfb5" executionId="2cb66e3f-b5bc-4077-9836-4596fec810f1" testListId="8c84fa94-04c1-424b-9868-57a2d4851a1d" />
    <TestEntry testId="ae21357d-9f58-b7fc-6b74-b0370043b0ba" executionId="3beca16c-f1e1-441e-b107-fc21e291592e" testListId="8c84fa94-04c1-424b-9868-57a2d4851a1d" />
    <TestEntry testId="da3de8f5-51b6-5c70-b974-edb5fa5896d9" executionId="13989382-215a-47e0-acc3-4fb331557613" testListId="8c84fa94-04c1-424b-9868-57a2d4851a1d" />
    <TestEntry testId="dfe7ce95-10d2-c110-f213-e192ec67bc82" executionId="024e1b1b-9eca-4d3f-9931-2af2f41bd566" testListId="8c84fa94-04c1-424b-9868-57a2d4851a1d" />
    <TestEntry testId="6765a95f-7478-34b8-81e1-b6d694827121" executionId="915ec965-13d7-4286-95b4-ff11a2a0d774" testListId="8c84fa94-04c1-424b-9868-57a2d4851a1d" />
    <TestEntry testId="06b5744a-9056-ad68-ca25-c4800e4b9a03" executionId="9b51d3f5-4a2b-476a-9341-5833800a5f73" testListId="8c84fa94-04c1-424b-9868-57a2d4851a1d" />
    <TestEntry testId="e343b66e-1c56-fa7b-7f76-a2984b6b448b" executionId="c0a211bb-2a79-45ac-ba2c-fbe3db0488de" testListId="8c84fa94-04c1-424b-9868-57a2d4851a1d" />
    <TestEntry testId="2ebb83ec-f43e-4859-9c91-efbe65a936e0" executionId="04548fd0-5815-4d89-93fc-2f11157a72d8" testListId="8c84fa94-04c1-424b-9868-57a2d4851a1d" />
    <TestEntry testId="236c86c2-c12e-c729-9f35-dabb09c0229d" executionId="9584ab5e-17c6-44fe-9575-ee8e1dfe816e" testListId="8c84fa94-04c1-424b-9868-57a2d4851a1d" />
    <TestEntry testId="97d52996-6e7b-332f-b764-89e95022b220" executionId="4bab5644-4d49-4e11-82df-e851530e9bdc" testListId="8c84fa94-04c1-424b-9868-57a2d4851a1d" />
    <TestEntry testId="12f5cf98-a984-ef3c-f501-88e0f45550b9" executionId="359c4a4d-1e03-48c6-bf27-b52dd392f48d" testListId="8c84fa94-04c1-424b-9868-57a2d4851a1d" />
    <TestEntry testId="15b2b326-1c41-9c5a-0e98-a2572863be7a" executionId="b5143e58-01bf-4a83-8143-94b4c684ef2f" testListId="8c84fa94-04c1-424b-9868-57a2d4851a1d" />
    <TestEntry testId="75b2ad64-53f7-f6fb-e835-65a781ec4a3a" executionId="8b82fef6-ec52-4c17-8cb7-a042aa062b00" testListId="8c84fa94-04c1-424b-9868-57a2d4851a1d" />
    <TestEntry testId="478675dd-0577-c48d-cfd4-e9ef182b77dd" executionId="b39baaed-cc04-4bab-afc0-08dc94e1c44d" testListId="8c84fa94-04c1-424b-9868-57a2d4851a1d" />
    <TestEntry testId="6246607f-344a-adcf-da07-ccfae1146568" executionId="6928828a-dd10-4c47-b9c6-076947f28f04" testListId="8c84fa94-04c1-424b-9868-57a2d4851a1d" />
    <TestEntry testId="d3d49da5-8bdb-6de7-130f-d6b241565ad3" executionId="f729af7d-35f8-47aa-b3a6-a636e51faa54" testListId="8c84fa94-04c1-424b-9868-57a2d4851a1d" />
    <TestEntry testId="425d8b17-571d-8682-5de0-c3ba488ab55c" executionId="3d7e07a0-2dc9-401f-b1e8-b9cd571aef50" testListId="8c84fa94-04c1-424b-9868-57a2d4851a1d" />
    <TestEntry testId="1704916b-ac83-8e00-a81d-b2d9282de41e" executionId="968d2c3a-2f5c-4f25-bbb7-c2ca7c3195c0" testListId="8c84fa94-04c1-424b-9868-57a2d4851a1d" />
    <TestEntry testId="7e692db4-7cbb-41a9-8a6e-ae7737e6f668" executionId="bd7f74db-696c-4666-91e1-abe07bb321ce" testListId="8c84fa94-04c1-424b-9868-57a2d4851a1d" />
    <TestEntry testId="dc097a5c-5a7d-1214-7baa-46cf0ca6003d" executionId="d4a3f4b4-50ac-4fb1-b1f4-a2191d0ad65f" testListId="8c84fa94-04c1-424b-9868-57a2d4851a1d" />
    <TestEntry testId="115636b2-5b13-6917-9839-4c4b6952f105" executionId="22f4546d-9c3f-40ef-94be-6e9a6fc04180" testListId="8c84fa94-04c1-424b-9868-57a2d4851a1d" />
    <TestEntry testId="ba979be6-f540-866a-ad55-cbcba628d61d" executionId="e05324da-1367-47cc-a387-395dc22f1519" testListId="8c84fa94-04c1-424b-9868-57a2d4851a1d" />
    <TestEntry testId="8d42dad7-d4a0-937d-c35a-d55c3be2063d" executionId="d77cf21b-13f1-45eb-9d06-35d417609e8a" testListId="8c84fa94-04c1-424b-9868-57a2d4851a1d" />
  </TestEntries>
  <TestLists>
    <TestList name="Results Not in a List" id="8c84fa94-04c1-424b-9868-57a2d4851a1d" />
    <TestList name="All Loaded Results" id="19431567-8539-422a-85d7-44ee4e166bda" />
  </TestLists>
  <ResultSummary outcome="Completed">
    <Counters total="89" executed="89" passed="89" failed="0" error="0" timeout="0" aborted="0" inconclusive="0" passedButRunAborted="0" notRunnable="0" notExecuted="0" disconnected="0" warning="0" completed="0" inProgress="0" pending="0" />
  </ResultSummary>
</TestRun>